[2022-09-25 02:17:38] local.ERROR: Allowed memory size of 268435456 bytes exhausted (tried to allocate 7098360 bytes) {"exception":"[object] (Symfony\\Component\\Debug\\Exception\\FatalErrorException(code: 1): Allowed memory size of 268435456 bytes exhausted (tried to allocate 7098360 bytes) at /home/idevsoft/faizanbd.com/vendor/laravel/framework/src/Illuminate/Database/Connection.php:332)
[stacktrace]
#0 {main}
"} 
[2022-09-25 02:20:29] local.ERROR: Allowed memory size of 268435456 bytes exhausted (tried to allocate 7098360 bytes) {"exception":"[object] (Symfony\\Component\\Debug\\Exception\\FatalErrorException(code: 1): Allowed memory size of 268435456 bytes exhausted (tried to allocate 7098360 bytes) at /home/idevsoft/faizanbd.com/vendor/laravel/framework/src/Illuminate/Database/Connection.php:332)
[stacktrace]
#0 {main}
"} 
[2022-09-25 02:25:47] local.ERROR: Allowed memory size of 268435456 bytes exhausted (tried to allocate 6763472 bytes) {"exception":"[object] (Symfony\\Component\\Debug\\Exception\\FatalErrorException(code: 1): Allowed memory size of 268435456 bytes exhausted (tried to allocate 6763472 bytes) at /home/idevsoft/faizanbd.com/vendor/laravel/framework/src/Illuminate/Database/Connection.php:332)
[stacktrace]
#0 {main}
"} 
[2022-09-25 02:56:17] local.ERROR: Allowed memory size of 268435456 bytes exhausted (tried to allocate 7098368 bytes) {"exception":"[object] (Symfony\\Component\\Debug\\Exception\\FatalErrorException(code: 1): Allowed memory size of 268435456 bytes exhausted (tried to allocate 7098368 bytes) at /home/idevsoft/faizanbd.com/vendor/laravel/framework/src/Illuminate/Database/Connection.php:332)
[stacktrace]
#0 {main}
"} 
[2022-09-25 04:57:09] local.ERROR: Allowed memory size of 268435456 bytes exhausted (tried to allocate 7098360 bytes) {"exception":"[object] (Symfony\\Component\\Debug\\Exception\\FatalErrorException(code: 1): Allowed memory size of 268435456 bytes exhausted (tried to allocate 7098360 bytes) at /home/idevsoft/faizanbd.com/vendor/laravel/framework/src/Illuminate/Database/Connection.php:332)
[stacktrace]
#0 {main}
"} 
[2022-09-25 05:00:16] local.ERROR: Allowed memory size of 268435456 bytes exhausted (tried to allocate 6763472 bytes) {"exception":"[object] (Symfony\\Component\\Debug\\Exception\\FatalErrorException(code: 1): Allowed memory size of 268435456 bytes exhausted (tried to allocate 6763472 bytes) at /home/idevsoft/faizanbd.com/vendor/laravel/framework/src/Illuminate/Database/Connection.php:332)
[stacktrace]
#0 {main}
"} 
[2022-09-25 05:06:12] local.ERROR: Allowed memory size of 268435456 bytes exhausted (tried to allocate 7098352 bytes) {"exception":"[object] (Symfony\\Component\\Debug\\Exception\\FatalErrorException(code: 1): Allowed memory size of 268435456 bytes exhausted (tried to allocate 7098352 bytes) at /home/idevsoft/faizanbd.com/vendor/laravel/framework/src/Illuminate/Database/Connection.php:332)
[stacktrace]
#0 {main}
"} 
[2022-09-25 05:46:40] local.ERROR: Allowed memory size of 268435456 bytes exhausted (tried to allocate 6763472 bytes) {"exception":"[object] (Symfony\\Component\\Debug\\Exception\\FatalErrorException(code: 1): Allowed memory size of 268435456 bytes exhausted (tried to allocate 6763472 bytes) at /home/idevsoft/faizanbd.com/vendor/laravel/framework/src/Illuminate/Database/Connection.php:332)
[stacktrace]
#0 {main}
"} 
[2022-09-25 05:59:41] local.ERROR: Allowed memory size of 268435456 bytes exhausted (tried to allocate 7098360 bytes) {"exception":"[object] (Symfony\\Component\\Debug\\Exception\\FatalErrorException(code: 1): Allowed memory size of 268435456 bytes exhausted (tried to allocate 7098360 bytes) at /home/idevsoft/faizanbd.com/vendor/laravel/framework/src/Illuminate/Database/Connection.php:332)
[stacktrace]
#0 {main}
"} 
[2022-09-25 06:00:06] local.ERROR: Allowed memory size of 268435456 bytes exhausted (tried to allocate 6763472 bytes) {"exception":"[object] (Symfony\\Component\\Debug\\Exception\\FatalErrorException(code: 1): Allowed memory size of 268435456 bytes exhausted (tried to allocate 6763472 bytes) at /home/idevsoft/faizanbd.com/vendor/laravel/framework/src/Illuminate/Database/Connection.php:332)
[stacktrace]
#0 {main}
"} 
[2022-09-25 06:00:34] local.ERROR: Allowed memory size of 268435456 bytes exhausted (tried to allocate 6763472 bytes) {"exception":"[object] (Symfony\\Component\\Debug\\Exception\\FatalErrorException(code: 1): Allowed memory size of 268435456 bytes exhausted (tried to allocate 6763472 bytes) at /home/idevsoft/faizanbd.com/vendor/laravel/framework/src/Illuminate/Database/Connection.php:332)
[stacktrace]
#0 {main}
"} 
[2022-09-25 06:03:03] local.ERROR: Allowed memory size of 268435456 bytes exhausted (tried to allocate 6763472 bytes) {"exception":"[object] (Symfony\\Component\\Debug\\Exception\\FatalErrorException(code: 1): Allowed memory size of 268435456 bytes exhausted (tried to allocate 6763472 bytes) at /home/idevsoft/faizanbd.com/vendor/laravel/framework/src/Illuminate/Database/Connection.php:332)
[stacktrace]
#0 {main}
"} 
[2022-09-25 07:06:06] local.ERROR: Allowed memory size of 268435456 bytes exhausted (tried to allocate 7098368 bytes) {"exception":"[object] (Symfony\\Component\\Debug\\Exception\\FatalErrorException(code: 1): Allowed memory size of 268435456 bytes exhausted (tried to allocate 7098368 bytes) at /home/idevsoft/faizanbd.com/vendor/laravel/framework/src/Illuminate/Database/Connection.php:332)
[stacktrace]
#0 {main}
"} 
[2022-09-25 10:13:14] local.ERROR: SQLSTATE[HY000] [1045] Access denied for user 'idevsoft_faizanbd_new'@'localhost' (using password: YES) (SQL: select * from `users` where `id` = 12 limit 1) {"exception":"[object] (Illuminate\\Database\\QueryException(code: 1045): SQLSTATE[HY000] [1045] Access denied for user 'idevsoft_faizanbd_new'@'localhost' (using password: YES) (SQL: select * from `users` where `id` = 12 limit 1) at /home/idevsoft/faizanbd.com/vendor/laravel/framework/src/Illuminate/Database/Connection.php:664, PDOException(code: 1045): SQLSTATE[HY000] [1045] Access denied for user 'idevsoft_faizanbd_new'@'localhost' (using password: YES) at /home/idevsoft/faizanbd.com/vendor/laravel/framework/src/Illuminate/Database/Connectors/Connector.php:70)
[stacktrace]
#0 /home/idevsoft/faizanbd.com/vendor/laravel/framework/src/Illuminate/Database/Connection.php(624): Illuminate\\Database\\Connection->runQueryCallback('select * from `...', Array, Object(Closure))
#1 /home/idevsoft/faizanbd.com/vendor/laravel/framework/src/Illuminate/Database/Connection.php(333): Illuminate\\Database\\Connection->run('select * from `...', Array, Object(Closure))
#2 /home/idevsoft/faizanbd.com/vendor/laravel/framework/src/Illuminate/Database/Query/Builder.php(2130): Illuminate\\Database\\Connection->select('select * from `...', Array, true)
#3 /home/idevsoft/faizanbd.com/vendor/laravel/framework/src/Illuminate/Database/Query/Builder.php(2118): Illuminate\\Database\\Query\\Builder->runSelect()
#4 /home/idevsoft/faizanbd.com/vendor/laravel/framework/src/Illuminate/Database/Query/Builder.php(2604): Illuminate\\Database\\Query\\Builder->Illuminate\\Database\\Query\\{closure}()
#5 /home/idevsoft/faizanbd.com/vendor/laravel/framework/src/Illuminate/Database/Query/Builder.php(2119): Illuminate\\Database\\Query\\Builder->onceWithColumns(Array, Object(Closure))
#6 /home/idevsoft/faizanbd.com/vendor/laravel/framework/src/Illuminate/Database/Eloquent/Builder.php(521): Illuminate\\Database\\Query\\Builder->get(Array)
#7 /home/idevsoft/faizanbd.com/vendor/laravel/framework/src/Illuminate/Database/Eloquent/Builder.php(505): Illuminate\\Database\\Eloquent\\Builder->getModels(Array)
#8 /home/idevsoft/faizanbd.com/vendor/laravel/framework/src/Illuminate/Database/Concerns/BuildsQueries.php(77): Illuminate\\Database\\Eloquent\\Builder->get(Array)
#9 /home/idevsoft/faizanbd.com/vendor/laravel/framework/src/Illuminate/Auth/EloquentUserProvider.php(68): Illuminate\\Database\\Eloquent\\Builder->first()
#10 /home/idevsoft/faizanbd.com/vendor/laravel/framework/src/Illuminate/Auth/SessionGuard.php(169): Illuminate\\Auth\\EloquentUserProvider->retrieveByToken('12', '0STo4hiLm7pC2j9...')
#11 /home/idevsoft/faizanbd.com/vendor/laravel/framework/src/Illuminate/Auth/SessionGuard.php(139): Illuminate\\Auth\\SessionGuard->userFromRecaller(Object(Illuminate\\Auth\\Recaller))
#12 /home/idevsoft/faizanbd.com/vendor/laravel/framework/src/Illuminate/Auth/GuardHelpers.php(60): Illuminate\\Auth\\SessionGuard->user()
#13 /home/idevsoft/faizanbd.com/vendor/laravel/framework/src/Illuminate/Auth/Middleware/Authenticate.php(62): Illuminate\\Auth\\SessionGuard->check()
#14 /home/idevsoft/faizanbd.com/vendor/laravel/framework/src/Illuminate/Auth/Middleware/Authenticate.php(41): Illuminate\\Auth\\Middleware\\Authenticate->authenticate(Object(Illuminate\\Http\\Request), Array)
#15 /home/idevsoft/faizanbd.com/vendor/laravel/framework/src/Illuminate/Pipeline/Pipeline.php(163): Illuminate\\Auth\\Middleware\\Authenticate->handle(Object(Illuminate\\Http\\Request), Object(Closure))
#16 /home/idevsoft/faizanbd.com/vendor/laravel/framework/src/Illuminate/Routing/Pipeline.php(53): Illuminate\\Pipeline\\Pipeline->Illuminate\\Pipeline\\{closure}(Object(Illuminate\\Http\\Request))
#17 /home/idevsoft/faizanbd.com/vendor/laravel/framework/src/Illuminate/Foundation/Http/Middleware/VerifyCsrfToken.php(75): Illuminate\\Routing\\Pipeline->Illuminate\\Routing\\{closure}(Object(Illuminate\\Http\\Request))
#18 /home/idevsoft/faizanbd.com/vendor/laravel/framework/src/Illuminate/Pipeline/Pipeline.php(163): Illuminate\\Foundation\\Http\\Middleware\\VerifyCsrfToken->handle(Object(Illuminate\\Http\\Request), Object(Closure))
#19 /home/idevsoft/faizanbd.com/vendor/laravel/framework/src/Illuminate/Routing/Pipeline.php(53): Illuminate\\Pipeline\\Pipeline->Illuminate\\Pipeline\\{closure}(Object(Illuminate\\Http\\Request))
#20 /home/idevsoft/faizanbd.com/vendor/laravel/framework/src/Illuminate/View/Middleware/ShareErrorsFromSession.php(49): Illuminate\\Routing\\Pipeline->Illuminate\\Routing\\{closure}(Object(Illuminate\\Http\\Request))
#21 /home/idevsoft/faizanbd.com/vendor/laravel/framework/src/Illuminate/Pipeline/Pipeline.php(163): Illuminate\\View\\Middleware\\ShareErrorsFromSession->handle(Object(Illuminate\\Http\\Request), Object(Closure))
#22 /home/idevsoft/faizanbd.com/vendor/laravel/framework/src/Illuminate/Routing/Pipeline.php(53): Illuminate\\Pipeline\\Pipeline->Illuminate\\Pipeline\\{closure}(Object(Illuminate\\Http\\Request))
#23 /home/idevsoft/faizanbd.com/vendor/laravel/framework/src/Illuminate/Session/Middleware/StartSession.php(56): Illuminate\\Routing\\Pipeline->Illuminate\\Routing\\{closure}(Object(Illuminate\\Http\\Request))
#24 /home/idevsoft/faizanbd.com/vendor/laravel/framework/src/Illuminate/Pipeline/Pipeline.php(163): Illuminate\\Session\\Middleware\\StartSession->handle(Object(Illuminate\\Http\\Request), Object(Closure))
#25 /home/idevsoft/faizanbd.com/vendor/laravel/framework/src/Illuminate/Routing/Pipeline.php(53): Illuminate\\Pipeline\\Pipeline->Illuminate\\Pipeline\\{closure}(Object(Illuminate\\Http\\Request))
#26 /home/idevsoft/faizanbd.com/vendor/laravel/framework/src/Illuminate/Cookie/Middleware/AddQueuedCookiesToResponse.php(37): Illuminate\\Routing\\Pipeline->Illuminate\\Routing\\{closure}(Object(Illuminate\\Http\\Request))
#27 /home/idevsoft/faizanbd.com/vendor/laravel/framework/src/Illuminate/Pipeline/Pipeline.php(163): Illuminate\\Cookie\\Middleware\\AddQueuedCookiesToResponse->handle(Object(Illuminate\\Http\\Request), Object(Closure))
#28 /home/idevsoft/faizanbd.com/vendor/laravel/framework/src/Illuminate/Routing/Pipeline.php(53): Illuminate\\Pipeline\\Pipeline->Illuminate\\Pipeline\\{closure}(Object(Illuminate\\Http\\Request))
#29 /home/idevsoft/faizanbd.com/vendor/laravel/framework/src/Illuminate/Pipeline/Pipeline.php(104): Illuminate\\Routing\\Pipeline->Illuminate\\Routing\\{closure}(Object(Illuminate\\Http\\Request))
#30 /home/idevsoft/faizanbd.com/vendor/laravel/framework/src/Illuminate/Routing/Router.php(682): Illuminate\\Pipeline\\Pipeline->then(Object(Closure))
#31 /home/idevsoft/faizanbd.com/vendor/laravel/framework/src/Illuminate/Routing/Router.php(657): Illuminate\\Routing\\Router->runRouteWithinStack(Object(Illuminate\\Routing\\Route), Object(Illuminate\\Http\\Request))
#32 /home/idevsoft/faizanbd.com/vendor/laravel/framework/src/Illuminate/Routing/Router.php(623): Illuminate\\Routing\\Router->runRoute(Object(Illuminate\\Http\\Request), Object(Illuminate\\Routing\\Route))
#33 /home/idevsoft/faizanbd.com/vendor/laravel/framework/src/Illuminate/Routing/Router.php(612): Illuminate\\Routing\\Router->dispatchToRoute(Object(Illuminate\\Http\\Request))
#34 /home/idevsoft/faizanbd.com/vendor/laravel/framework/src/Illuminate/Foundation/Http/Kernel.php(176): Illuminate\\Routing\\Router->dispatch(Object(Illuminate\\Http\\Request))
#35 /home/idevsoft/faizanbd.com/vendor/laravel/framework/src/Illuminate/Routing/Pipeline.php(30): Illuminate\\Foundation\\Http\\Kernel->Illuminate\\Foundation\\Http\\{closure}(Object(Illuminate\\Http\\Request))
#36 /home/idevsoft/faizanbd.com/vendor/fideloper/proxy/src/TrustProxies.php(57): Illuminate\\Routing\\Pipeline->Illuminate\\Routing\\{closure}(Object(Illuminate\\Http\\Request))
#37 /home/idevsoft/faizanbd.com/vendor/laravel/framework/src/Illuminate/Pipeline/Pipeline.php(163): Fideloper\\Proxy\\TrustProxies->handle(Object(Illuminate\\Http\\Request), Object(Closure))
#38 /home/idevsoft/faizanbd.com/vendor/laravel/framework/src/Illuminate/Routing/Pipeline.php(53): Illuminate\\Pipeline\\Pipeline->Illuminate\\Pipeline\\{closure}(Object(Illuminate\\Http\\Request))
#39 /home/idevsoft/faizanbd.com/vendor/laravel/framework/src/Illuminate/Foundation/Http/Middleware/TransformsRequest.php(21): Illuminate\\Routing\\Pipeline->Illuminate\\Routing\\{closure}(Object(Illuminate\\Http\\Request))
#40 /home/idevsoft/faizanbd.com/vendor/laravel/framework/src/Illuminate/Pipeline/Pipeline.php(163): Illuminate\\Foundation\\Http\\Middleware\\TransformsRequest->handle(Object(Illuminate\\Http\\Request), Object(Closure))
#41 /home/idevsoft/faizanbd.com/vendor/laravel/framework/src/Illuminate/Routing/Pipeline.php(53): Illuminate\\Pipeline\\Pipeline->Illuminate\\Pipeline\\{closure}(Object(Illuminate\\Http\\Request))
#42 /home/idevsoft/faizanbd.com/vendor/laravel/framework/src/Illuminate/Foundation/Http/Middleware/TransformsRequest.php(21): Illuminate\\Routing\\Pipeline->Illuminate\\Routing\\{closure}(Object(Illuminate\\Http\\Request))
#43 /home/idevsoft/faizanbd.com/vendor/laravel/framework/src/Illuminate/Pipeline/Pipeline.php(163): Illuminate\\Foundation\\Http\\Middleware\\TransformsRequest->handle(Object(Illuminate\\Http\\Request), Object(Closure))
#44 /home/idevsoft/faizanbd.com/vendor/laravel/framework/src/Illuminate/Routing/Pipeline.php(53): Illuminate\\Pipeline\\Pipeline->Illuminate\\Pipeline\\{closure}(Object(Illuminate\\Http\\Request))
#45 /home/idevsoft/faizanbd.com/vendor/laravel/framework/src/Illuminate/Foundation/Http/Middleware/ValidatePostSize.php(27): Illuminate\\Routing\\Pipeline->Illuminate\\Routing\\{closure}(Object(Illuminate\\Http\\Request))
#46 /home/idevsoft/faizanbd.com/vendor/laravel/framework/src/Illuminate/Pipeline/Pipeline.php(163): Illuminate\\Foundation\\Http\\Middleware\\ValidatePostSize->handle(Object(Illuminate\\Http\\Request), Object(Closure))
#47 /home/idevsoft/faizanbd.com/vendor/laravel/framework/src/Illuminate/Routing/Pipeline.php(53): Illuminate\\Pipeline\\Pipeline->Illuminate\\Pipeline\\{closure}(Object(Illuminate\\Http\\Request))
#48 /home/idevsoft/faizanbd.com/vendor/laravel/framework/src/Illuminate/Foundation/Http/Middleware/CheckForMaintenanceMode.php(62): Illuminate\\Routing\\Pipeline->Illuminate\\Routing\\{closure}(Object(Illuminate\\Http\\Request))
#49 /home/idevsoft/faizanbd.com/vendor/laravel/framework/src/Illuminate/Pipeline/Pipeline.php(163): Illuminate\\Foundation\\Http\\Middleware\\CheckForMaintenanceMode->handle(Object(Illuminate\\Http\\Request), Object(Closure))
#50 /home/idevsoft/faizanbd.com/vendor/laravel/framework/src/Illuminate/Routing/Pipeline.php(53): Illuminate\\Pipeline\\Pipeline->Illuminate\\Pipeline\\{closure}(Object(Illuminate\\Http\\Request))
#51 /home/idevsoft/faizanbd.com/vendor/laravel/framework/src/Illuminate/Pipeline/Pipeline.php(104): Illuminate\\Routing\\Pipeline->Illuminate\\Routing\\{closure}(Object(Illuminate\\Http\\Request))
#52 /home/idevsoft/faizanbd.com/vendor/laravel/framework/src/Illuminate/Foundation/Http/Kernel.php(151): Illuminate\\Pipeline\\Pipeline->then(Object(Closure))
#53 /home/idevsoft/faizanbd.com/vendor/laravel/framework/src/Illuminate/Foundation/Http/Kernel.php(116): Illuminate\\Foundation\\Http\\Kernel->sendRequestThroughRouter(Object(Illuminate\\Http\\Request))
#54 /home/idevsoft/faizanbd.com/index.php(55): Illuminate\\Foundation\\Http\\Kernel->handle(Object(Illuminate\\Http\\Request))
#55 {main}
"} 
