[2022-09-23 00:24:22] local.ERROR: Trying to get property 'published' of non-object (View: /home/idevsoft/faizanbd.com/resources/views/frontend/flash_deal_details.blade.php) {"exception":"[object] (ErrorException(code: 0): Trying to get property 'published' of non-object (View: /home/idevsoft/faizanbd.com/resources/views/frontend/flash_deal_details.blade.php) at /home/idevsoft/faizanbd.com/storage/framework/views/2dc9ea906683663ad5f62321bb8c8e38d3a71b94.php:21, ErrorException(code: 0): Trying to get property 'published' of non-object at /home/idevsoft/faizanbd.com/storage/framework/views/2dc9ea906683663ad5f62321bb8c8e38d3a71b94.php:21)
[stacktrace]
#0 /home/idevsoft/faizanbd.com/vendor/laravel/framework/src/Illuminate/View/Engines/PhpEngine.php(45): Illuminate\\View\\Engines\\CompilerEngine->handleViewException(Object(ErrorException), 0)
#1 /home/idevsoft/faizanbd.com/vendor/laravel/framework/src/Illuminate/View/Engines/CompilerEngine.php(59): Illuminate\\View\\Engines\\PhpEngine->evaluatePath('/home/idevsoft/...', Array)
#2 /home/idevsoft/faizanbd.com/vendor/laravel/framework/src/Illuminate/View/View.php(142): Illuminate\\View\\Engines\\CompilerEngine->get('/home/idevsoft/...', Array)
#3 /home/idevsoft/faizanbd.com/vendor/laravel/framework/src/Illuminate/View/View.php(125): Illuminate\\View\\View->getContents()
#4 /home/idevsoft/faizanbd.com/vendor/laravel/framework/src/Illuminate/View/View.php(90): Illuminate\\View\\View->renderContents()
#5 /home/idevsoft/faizanbd.com/vendor/laravel/framework/src/Illuminate/Http/Response.php(42): Illuminate\\View\\View->render()
#6 /home/idevsoft/faizanbd.com/vendor/symfony/http-foundation/Response.php(205): Illuminate\\Http\\Response->setContent(Object(Illuminate\\View\\View))
#7 /home/idevsoft/faizanbd.com/vendor/laravel/framework/src/Illuminate/Routing/Router.php(748): Symfony\\Component\\HttpFoundation\\Response->__construct(Object(Illuminate\\View\\View))
#8 /home/idevsoft/faizanbd.com/vendor/laravel/framework/src/Illuminate/Routing/Router.php(720): Illuminate\\Routing\\Router::toResponse(Object(Illuminate\\Http\\Request), Object(Illuminate\\View\\View))
#9 /home/idevsoft/faizanbd.com/vendor/laravel/framework/src/Illuminate/Routing/Router.php(680): Illuminate\\Routing\\Router->prepareResponse(Object(Illuminate\\Http\\Request), Object(Illuminate\\View\\View))
#10 /home/idevsoft/faizanbd.com/vendor/laravel/framework/src/Illuminate/Routing/Pipeline.php(30): Illuminate\\Routing\\Router->Illuminate\\Routing\\{closure}(Object(Illuminate\\Http\\Request))
#11 /home/idevsoft/faizanbd.com/app/Http/Middleware/Language.php(34): Illuminate\\Routing\\Pipeline->Illuminate\\Routing\\{closure}(Object(Illuminate\\Http\\Request))
#12 /home/idevsoft/faizanbd.com/vendor/laravel/framework/src/Illuminate/Pipeline/Pipeline.php(163): App\\Http\\Middleware\\Language->handle(Object(Illuminate\\Http\\Request), Object(Closure))
#13 /home/idevsoft/faizanbd.com/vendor/laravel/framework/src/Illuminate/Routing/Pipeline.php(53): Illuminate\\Pipeline\\Pipeline->Illuminate\\Pipeline\\{closure}(Object(Illuminate\\Http\\Request))
#14 /home/idevsoft/faizanbd.com/vendor/laravel/framework/src/Illuminate/Routing/Middleware/SubstituteBindings.php(41): Illuminate\\Routing\\Pipeline->Illuminate\\Routing\\{closure}(Object(Illuminate\\Http\\Request))
#15 /home/idevsoft/faizanbd.com/vendor/laravel/framework/src/Illuminate/Pipeline/Pipeline.php(163): Illuminate\\Routing\\Middleware\\SubstituteBindings->handle(Object(Illuminate\\Http\\Request), Object(Closure))
#16 /home/idevsoft/faizanbd.com/vendor/laravel/framework/src/Illuminate/Routing/Pipeline.php(53): Illuminate\\Pipeline\\Pipeline->Illuminate\\Pipeline\\{closure}(Object(Illuminate\\Http\\Request))
#17 /home/idevsoft/faizanbd.com/vendor/laravel/framework/src/Illuminate/Foundation/Http/Middleware/VerifyCsrfToken.php(75): Illuminate\\Routing\\Pipeline->Illuminate\\Routing\\{closure}(Object(Illuminate\\Http\\Request))
#18 /home/idevsoft/faizanbd.com/vendor/laravel/framework/src/Illuminate/Pipeline/Pipeline.php(163): Illuminate\\Foundation\\Http\\Middleware\\VerifyCsrfToken->handle(Object(Illuminate\\Http\\Request), Object(Closure))
#19 /home/idevsoft/faizanbd.com/vendor/laravel/framework/src/Illuminate/Routing/Pipeline.php(53): Illuminate\\Pipeline\\Pipeline->Illuminate\\Pipeline\\{closure}(Object(Illuminate\\Http\\Request))
#20 /home/idevsoft/faizanbd.com/vendor/laravel/framework/src/Illuminate/View/Middleware/ShareErrorsFromSession.php(49): Illuminate\\Routing\\Pipeline->Illuminate\\Routing\\{closure}(Object(Illuminate\\Http\\Request))
#21 /home/idevsoft/faizanbd.com/vendor/laravel/framework/src/Illuminate/Pipeline/Pipeline.php(163): Illuminate\\View\\Middleware\\ShareErrorsFromSession->handle(Object(Illuminate\\Http\\Request), Object(Closure))
#22 /home/idevsoft/faizanbd.com/vendor/laravel/framework/src/Illuminate/Routing/Pipeline.php(53): Illuminate\\Pipeline\\Pipeline->Illuminate\\Pipeline\\{closure}(Object(Illuminate\\Http\\Request))
#23 /home/idevsoft/faizanbd.com/vendor/laravel/framework/src/Illuminate/Session/Middleware/StartSession.php(56): Illuminate\\Routing\\Pipeline->Illuminate\\Routing\\{closure}(Object(Illuminate\\Http\\Request))
#24 /home/idevsoft/faizanbd.com/vendor/laravel/framework/src/Illuminate/Pipeline/Pipeline.php(163): Illuminate\\Session\\Middleware\\StartSession->handle(Object(Illuminate\\Http\\Request), Object(Closure))
#25 /home/idevsoft/faizanbd.com/vendor/laravel/framework/src/Illuminate/Routing/Pipeline.php(53): Illuminate\\Pipeline\\Pipeline->Illuminate\\Pipeline\\{closure}(Object(Illuminate\\Http\\Request))
#26 /home/idevsoft/faizanbd.com/vendor/laravel/framework/src/Illuminate/Cookie/Middleware/AddQueuedCookiesToResponse.php(37): Illuminate\\Routing\\Pipeline->Illuminate\\Routing\\{closure}(Object(Illuminate\\Http\\Request))
#27 /home/idevsoft/faizanbd.com/vendor/laravel/framework/src/Illuminate/Pipeline/Pipeline.php(163): Illuminate\\Cookie\\Middleware\\AddQueuedCookiesToResponse->handle(Object(Illuminate\\Http\\Request), Object(Closure))
#28 /home/idevsoft/faizanbd.com/vendor/laravel/framework/src/Illuminate/Routing/Pipeline.php(53): Illuminate\\Pipeline\\Pipeline->Illuminate\\Pipeline\\{closure}(Object(Illuminate\\Http\\Request))
#29 /home/idevsoft/faizanbd.com/vendor/laravel/framework/src/Illuminate/Pipeline/Pipeline.php(104): Illuminate\\Routing\\Pipeline->Illuminate\\Routing\\{closure}(Object(Illuminate\\Http\\Request))
#30 /home/idevsoft/faizanbd.com/vendor/laravel/framework/src/Illuminate/Routing/Router.php(682): Illuminate\\Pipeline\\Pipeline->then(Object(Closure))
#31 /home/idevsoft/faizanbd.com/vendor/laravel/framework/src/Illuminate/Routing/Router.php(657): Illuminate\\Routing\\Router->runRouteWithinStack(Object(Illuminate\\Routing\\Route), Object(Illuminate\\Http\\Request))
#32 /home/idevsoft/faizanbd.com/vendor/laravel/framework/src/Illuminate/Routing/Router.php(623): Illuminate\\Routing\\Router->runRoute(Object(Illuminate\\Http\\Request), Object(Illuminate\\Routing\\Route))
#33 /home/idevsoft/faizanbd.com/vendor/laravel/framework/src/Illuminate/Routing/Router.php(612): Illuminate\\Routing\\Router->dispatchToRoute(Object(Illuminate\\Http\\Request))
#34 /home/idevsoft/faizanbd.com/vendor/laravel/framework/src/Illuminate/Foundation/Http/Kernel.php(176): Illuminate\\Routing\\Router->dispatch(Object(Illuminate\\Http\\Request))
#35 /home/idevsoft/faizanbd.com/vendor/laravel/framework/src/Illuminate/Routing/Pipeline.php(30): Illuminate\\Foundation\\Http\\Kernel->Illuminate\\Foundation\\Http\\{closure}(Object(Illuminate\\Http\\Request))
#36 /home/idevsoft/faizanbd.com/vendor/fideloper/proxy/src/TrustProxies.php(57): Illuminate\\Routing\\Pipeline->Illuminate\\Routing\\{closure}(Object(Illuminate\\Http\\Request))
#37 /home/idevsoft/faizanbd.com/vendor/laravel/framework/src/Illuminate/Pipeline/Pipeline.php(163): Fideloper\\Proxy\\TrustProxies->handle(Object(Illuminate\\Http\\Request), Object(Closure))
#38 /home/idevsoft/faizanbd.com/vendor/laravel/framework/src/Illuminate/Routing/Pipeline.php(53): Illuminate\\Pipeline\\Pipeline->Illuminate\\Pipeline\\{closure}(Object(Illuminate\\Http\\Request))
#39 /home/idevsoft/faizanbd.com/vendor/laravel/framework/src/Illuminate/Foundation/Http/Middleware/TransformsRequest.php(21): Illuminate\\Routing\\Pipeline->Illuminate\\Routing\\{closure}(Object(Illuminate\\Http\\Request))
#40 /home/idevsoft/faizanbd.com/vendor/laravel/framework/src/Illuminate/Pipeline/Pipeline.php(163): Illuminate\\Foundation\\Http\\Middleware\\TransformsRequest->handle(Object(Illuminate\\Http\\Request), Object(Closure))
#41 /home/idevsoft/faizanbd.com/vendor/laravel/framework/src/Illuminate/Routing/Pipeline.php(53): Illuminate\\Pipeline\\Pipeline->Illuminate\\Pipeline\\{closure}(Object(Illuminate\\Http\\Request))
#42 /home/idevsoft/faizanbd.com/vendor/laravel/framework/src/Illuminate/Foundation/Http/Middleware/TransformsRequest.php(21): Illuminate\\Routing\\Pipeline->Illuminate\\Routing\\{closure}(Object(Illuminate\\Http\\Request))
#43 /home/idevsoft/faizanbd.com/vendor/laravel/framework/src/Illuminate/Pipeline/Pipeline.php(163): Illuminate\\Foundation\\Http\\Middleware\\TransformsRequest->handle(Object(Illuminate\\Http\\Request), Object(Closure))
#44 /home/idevsoft/faizanbd.com/vendor/laravel/framework/src/Illuminate/Routing/Pipeline.php(53): Illuminate\\Pipeline\\Pipeline->Illuminate\\Pipeline\\{closure}(Object(Illuminate\\Http\\Request))
#45 /home/idevsoft/faizanbd.com/vendor/laravel/framework/src/Illuminate/Foundation/Http/Middleware/ValidatePostSize.php(27): Illuminate\\Routing\\Pipeline->Illuminate\\Routing\\{closure}(Object(Illuminate\\Http\\Request))
#46 /home/idevsoft/faizanbd.com/vendor/laravel/framework/src/Illuminate/Pipeline/Pipeline.php(163): Illuminate\\Foundation\\Http\\Middleware\\ValidatePostSize->handle(Object(Illuminate\\Http\\Request), Object(Closure))
#47 /home/idevsoft/faizanbd.com/vendor/laravel/framework/src/Illuminate/Routing/Pipeline.php(53): Illuminate\\Pipeline\\Pipeline->Illuminate\\Pipeline\\{closure}(Object(Illuminate\\Http\\Request))
#48 /home/idevsoft/faizanbd.com/vendor/laravel/framework/src/Illuminate/Foundation/Http/Middleware/CheckForMaintenanceMode.php(62): Illuminate\\Routing\\Pipeline->Illuminate\\Routing\\{closure}(Object(Illuminate\\Http\\Request))
#49 /home/idevsoft/faizanbd.com/vendor/laravel/framework/src/Illuminate/Pipeline/Pipeline.php(163): Illuminate\\Foundation\\Http\\Middleware\\CheckForMaintenanceMode->handle(Object(Illuminate\\Http\\Request), Object(Closure))
#50 /home/idevsoft/faizanbd.com/vendor/laravel/framework/src/Illuminate/Routing/Pipeline.php(53): Illuminate\\Pipeline\\Pipeline->Illuminate\\Pipeline\\{closure}(Object(Illuminate\\Http\\Request))
#51 /home/idevsoft/faizanbd.com/vendor/laravel/framework/src/Illuminate/Pipeline/Pipeline.php(104): Illuminate\\Routing\\Pipeline->Illuminate\\Routing\\{closure}(Object(Illuminate\\Http\\Request))
#52 /home/idevsoft/faizanbd.com/vendor/laravel/framework/src/Illuminate/Foundation/Http/Kernel.php(151): Illuminate\\Pipeline\\Pipeline->then(Object(Closure))
#53 /home/idevsoft/faizanbd.com/vendor/laravel/framework/src/Illuminate/Foundation/Http/Kernel.php(116): Illuminate\\Foundation\\Http\\Kernel->sendRequestThroughRouter(Object(Illuminate\\Http\\Request))
#54 /home/idevsoft/faizanbd.com/index.php(55): Illuminate\\Foundation\\Http\\Kernel->handle(Object(Illuminate\\Http\\Request))
#55 {main}
"} 
[2022-09-23 00:25:19] local.ERROR: Allowed memory size of 268435456 bytes exhausted (tried to allocate 6763472 bytes) {"exception":"[object] (Symfony\\Component\\Debug\\Exception\\FatalErrorException(code: 1): Allowed memory size of 268435456 bytes exhausted (tried to allocate 6763472 bytes) at /home/idevsoft/faizanbd.com/vendor/laravel/framework/src/Illuminate/Database/Connection.php:332)
[stacktrace]
#0 {main}
"} 
[2022-09-23 00:25:25] local.ERROR: Allowed memory size of 268435456 bytes exhausted (tried to allocate 6763472 bytes) {"exception":"[object] (Symfony\\Component\\Debug\\Exception\\FatalErrorException(code: 1): Allowed memory size of 268435456 bytes exhausted (tried to allocate 6763472 bytes) at /home/idevsoft/faizanbd.com/vendor/laravel/framework/src/Illuminate/Database/Connection.php:332)
[stacktrace]
#0 {main}
"} 
[2022-09-23 00:25:25] local.ERROR: Allowed memory size of 268435456 bytes exhausted (tried to allocate 6763472 bytes) {"exception":"[object] (Symfony\\Component\\Debug\\Exception\\FatalErrorException(code: 1): Allowed memory size of 268435456 bytes exhausted (tried to allocate 6763472 bytes) at /home/idevsoft/faizanbd.com/vendor/laravel/framework/src/Illuminate/Database/Connection.php:332)
[stacktrace]
#0 {main}
"} 
[2022-09-23 00:25:29] local.ERROR: Allowed memory size of 268435456 bytes exhausted (tried to allocate 7098360 bytes) {"exception":"[object] (Symfony\\Component\\Debug\\Exception\\FatalErrorException(code: 1): Allowed memory size of 268435456 bytes exhausted (tried to allocate 7098360 bytes) at /home/idevsoft/faizanbd.com/vendor/laravel/framework/src/Illuminate/Database/Connection.php:332)
[stacktrace]
#0 {main}
"} 
[2022-09-23 00:25:51] local.ERROR: Allowed memory size of 268435456 bytes exhausted (tried to allocate 6763472 bytes) {"exception":"[object] (Symfony\\Component\\Debug\\Exception\\FatalErrorException(code: 1): Allowed memory size of 268435456 bytes exhausted (tried to allocate 6763472 bytes) at /home/idevsoft/faizanbd.com/vendor/laravel/framework/src/Illuminate/Database/Connection.php:332)
[stacktrace]
#0 {main}
"} 
[2022-09-23 00:26:20] local.ERROR: Allowed memory size of 268435456 bytes exhausted (tried to allocate 6763472 bytes) {"exception":"[object] (Symfony\\Component\\Debug\\Exception\\FatalErrorException(code: 1): Allowed memory size of 268435456 bytes exhausted (tried to allocate 6763472 bytes) at /home/idevsoft/faizanbd.com/vendor/laravel/framework/src/Illuminate/Database/Connection.php:332)
[stacktrace]
#0 {main}
"} 
[2022-09-23 00:27:01] local.ERROR: Allowed memory size of 268435456 bytes exhausted (tried to allocate 7098352 bytes) {"exception":"[object] (Symfony\\Component\\Debug\\Exception\\FatalErrorException(code: 1): Allowed memory size of 268435456 bytes exhausted (tried to allocate 7098352 bytes) at /home/idevsoft/faizanbd.com/vendor/laravel/framework/src/Illuminate/Database/Connection.php:332)
[stacktrace]
#0 {main}
"} 
[2022-09-23 00:28:20] local.ERROR: Allowed memory size of 268435456 bytes exhausted (tried to allocate 6763472 bytes) {"exception":"[object] (Symfony\\Component\\Debug\\Exception\\FatalErrorException(code: 1): Allowed memory size of 268435456 bytes exhausted (tried to allocate 6763472 bytes) at /home/idevsoft/faizanbd.com/vendor/laravel/framework/src/Illuminate/Database/Connection.php:332)
[stacktrace]
#0 {main}
"} 
[2022-09-23 00:29:20] local.ERROR: Allowed memory size of 268435456 bytes exhausted (tried to allocate 6763472 bytes) {"exception":"[object] (Symfony\\Component\\Debug\\Exception\\FatalErrorException(code: 1): Allowed memory size of 268435456 bytes exhausted (tried to allocate 6763472 bytes) at /home/idevsoft/faizanbd.com/vendor/laravel/framework/src/Illuminate/Database/Connection.php:332)
[stacktrace]
#0 {main}
"} 
[2022-09-23 00:29:44] local.ERROR: Allowed memory size of 268435456 bytes exhausted (tried to allocate 7098352 bytes) {"exception":"[object] (Symfony\\Component\\Debug\\Exception\\FatalErrorException(code: 1): Allowed memory size of 268435456 bytes exhausted (tried to allocate 7098352 bytes) at /home/idevsoft/faizanbd.com/vendor/laravel/framework/src/Illuminate/Database/Connection.php:332)
[stacktrace]
#0 {main}
"} 
[2022-09-23 00:30:56] local.ERROR: Allowed memory size of 268435456 bytes exhausted (tried to allocate 6763472 bytes) {"exception":"[object] (Symfony\\Component\\Debug\\Exception\\FatalErrorException(code: 1): Allowed memory size of 268435456 bytes exhausted (tried to allocate 6763472 bytes) at /home/idevsoft/faizanbd.com/vendor/laravel/framework/src/Illuminate/Database/Connection.php:332)
[stacktrace]
#0 {main}
"} 
[2022-09-23 00:31:09] local.ERROR: Allowed memory size of 268435456 bytes exhausted (tried to allocate 7098368 bytes) {"exception":"[object] (Symfony\\Component\\Debug\\Exception\\FatalErrorException(code: 1): Allowed memory size of 268435456 bytes exhausted (tried to allocate 7098368 bytes) at /home/idevsoft/faizanbd.com/vendor/laravel/framework/src/Illuminate/Database/Connection.php:332)
[stacktrace]
#0 {main}
"} 
[2022-09-23 00:31:22] local.ERROR: Allowed memory size of 268435456 bytes exhausted (tried to allocate 6763472 bytes) {"exception":"[object] (Symfony\\Component\\Debug\\Exception\\FatalErrorException(code: 1): Allowed memory size of 268435456 bytes exhausted (tried to allocate 6763472 bytes) at /home/idevsoft/faizanbd.com/vendor/laravel/framework/src/Illuminate/Database/Connection.php:332)
[stacktrace]
#0 {main}
"} 
[2022-09-23 00:31:32] local.ERROR: Allowed memory size of 268435456 bytes exhausted (tried to allocate 6763472 bytes) {"exception":"[object] (Symfony\\Component\\Debug\\Exception\\FatalErrorException(code: 1): Allowed memory size of 268435456 bytes exhausted (tried to allocate 6763472 bytes) at /home/idevsoft/faizanbd.com/vendor/laravel/framework/src/Illuminate/Database/Connection.php:332)
[stacktrace]
#0 {main}
"} 
[2022-09-23 00:31:35] local.ERROR: Too few arguments to function App\Http\Controllers\CheckoutController::get_shipping_info(), 1 passed and exactly 2 expected {"exception":"[object] (Symfony\\Component\\Debug\\Exception\\FatalThrowableError(code: 0): Too few arguments to function App\\Http\\Controllers\\CheckoutController::get_shipping_info(), 1 passed and exactly 2 expected at /home/idevsoft/faizanbd.com/app/Http/Controllers/CheckoutController.php:157)
[stacktrace]
#0 [internal function]: App\\Http\\Controllers\\CheckoutController->get_shipping_info(Object(Illuminate\\Http\\Request))
#1 /home/idevsoft/faizanbd.com/vendor/laravel/framework/src/Illuminate/Routing/Controller.php(54): call_user_func_array(Array, Array)
#2 /home/idevsoft/faizanbd.com/vendor/laravel/framework/src/Illuminate/Routing/ControllerDispatcher.php(45): Illuminate\\Routing\\Controller->callAction('get_shipping_in...', Array)
#3 /home/idevsoft/faizanbd.com/vendor/laravel/framework/src/Illuminate/Routing/Route.php(219): Illuminate\\Routing\\ControllerDispatcher->dispatch(Object(Illuminate\\Routing\\Route), Object(App\\Http\\Controllers\\CheckoutController), 'get_shipping_in...')
#4 /home/idevsoft/faizanbd.com/vendor/laravel/framework/src/Illuminate/Routing/Route.php(176): Illuminate\\Routing\\Route->runController()
#5 /home/idevsoft/faizanbd.com/vendor/laravel/framework/src/Illuminate/Routing/Router.php(680): Illuminate\\Routing\\Route->run()
#6 /home/idevsoft/faizanbd.com/vendor/laravel/framework/src/Illuminate/Routing/Pipeline.php(30): Illuminate\\Routing\\Router->Illuminate\\Routing\\{closure}(Object(Illuminate\\Http\\Request))
#7 /home/idevsoft/faizanbd.com/app/Http/Middleware/Language.php(34): Illuminate\\Routing\\Pipeline->Illuminate\\Routing\\{closure}(Object(Illuminate\\Http\\Request))
#8 /home/idevsoft/faizanbd.com/vendor/laravel/framework/src/Illuminate/Pipeline/Pipeline.php(163): App\\Http\\Middleware\\Language->handle(Object(Illuminate\\Http\\Request), Object(Closure))
#9 /home/idevsoft/faizanbd.com/vendor/laravel/framework/src/Illuminate/Routing/Pipeline.php(53): Illuminate\\Pipeline\\Pipeline->Illuminate\\Pipeline\\{closure}(Object(Illuminate\\Http\\Request))
#10 /home/idevsoft/faizanbd.com/vendor/laravel/framework/src/Illuminate/Routing/Middleware/SubstituteBindings.php(41): Illuminate\\Routing\\Pipeline->Illuminate\\Routing\\{closure}(Object(Illuminate\\Http\\Request))
#11 /home/idevsoft/faizanbd.com/vendor/laravel/framework/src/Illuminate/Pipeline/Pipeline.php(163): Illuminate\\Routing\\Middleware\\SubstituteBindings->handle(Object(Illuminate\\Http\\Request), Object(Closure))
#12 /home/idevsoft/faizanbd.com/vendor/laravel/framework/src/Illuminate/Routing/Pipeline.php(53): Illuminate\\Pipeline\\Pipeline->Illuminate\\Pipeline\\{closure}(Object(Illuminate\\Http\\Request))
#13 /home/idevsoft/faizanbd.com/vendor/laravel/framework/src/Illuminate/Foundation/Http/Middleware/VerifyCsrfToken.php(75): Illuminate\\Routing\\Pipeline->Illuminate\\Routing\\{closure}(Object(Illuminate\\Http\\Request))
#14 /home/idevsoft/faizanbd.com/vendor/laravel/framework/src/Illuminate/Pipeline/Pipeline.php(163): Illuminate\\Foundation\\Http\\Middleware\\VerifyCsrfToken->handle(Object(Illuminate\\Http\\Request), Object(Closure))
#15 /home/idevsoft/faizanbd.com/vendor/laravel/framework/src/Illuminate/Routing/Pipeline.php(53): Illuminate\\Pipeline\\Pipeline->Illuminate\\Pipeline\\{closure}(Object(Illuminate\\Http\\Request))
#16 /home/idevsoft/faizanbd.com/vendor/laravel/framework/src/Illuminate/View/Middleware/ShareErrorsFromSession.php(49): Illuminate\\Routing\\Pipeline->Illuminate\\Routing\\{closure}(Object(Illuminate\\Http\\Request))
#17 /home/idevsoft/faizanbd.com/vendor/laravel/framework/src/Illuminate/Pipeline/Pipeline.php(163): Illuminate\\View\\Middleware\\ShareErrorsFromSession->handle(Object(Illuminate\\Http\\Request), Object(Closure))
#18 /home/idevsoft/faizanbd.com/vendor/laravel/framework/src/Illuminate/Routing/Pipeline.php(53): Illuminate\\Pipeline\\Pipeline->Illuminate\\Pipeline\\{closure}(Object(Illuminate\\Http\\Request))
#19 /home/idevsoft/faizanbd.com/vendor/laravel/framework/src/Illuminate/Session/Middleware/StartSession.php(56): Illuminate\\Routing\\Pipeline->Illuminate\\Routing\\{closure}(Object(Illuminate\\Http\\Request))
#20 /home/idevsoft/faizanbd.com/vendor/laravel/framework/src/Illuminate/Pipeline/Pipeline.php(163): Illuminate\\Session\\Middleware\\StartSession->handle(Object(Illuminate\\Http\\Request), Object(Closure))
#21 /home/idevsoft/faizanbd.com/vendor/laravel/framework/src/Illuminate/Routing/Pipeline.php(53): Illuminate\\Pipeline\\Pipeline->Illuminate\\Pipeline\\{closure}(Object(Illuminate\\Http\\Request))
#22 /home/idevsoft/faizanbd.com/vendor/laravel/framework/src/Illuminate/Cookie/Middleware/AddQueuedCookiesToResponse.php(37): Illuminate\\Routing\\Pipeline->Illuminate\\Routing\\{closure}(Object(Illuminate\\Http\\Request))
#23 /home/idevsoft/faizanbd.com/vendor/laravel/framework/src/Illuminate/Pipeline/Pipeline.php(163): Illuminate\\Cookie\\Middleware\\AddQueuedCookiesToResponse->handle(Object(Illuminate\\Http\\Request), Object(Closure))
#24 /home/idevsoft/faizanbd.com/vendor/laravel/framework/src/Illuminate/Routing/Pipeline.php(53): Illuminate\\Pipeline\\Pipeline->Illuminate\\Pipeline\\{closure}(Object(Illuminate\\Http\\Request))
#25 /home/idevsoft/faizanbd.com/vendor/laravel/framework/src/Illuminate/Pipeline/Pipeline.php(104): Illuminate\\Routing\\Pipeline->Illuminate\\Routing\\{closure}(Object(Illuminate\\Http\\Request))
#26 /home/idevsoft/faizanbd.com/vendor/laravel/framework/src/Illuminate/Routing/Router.php(682): Illuminate\\Pipeline\\Pipeline->then(Object(Closure))
#27 /home/idevsoft/faizanbd.com/vendor/laravel/framework/src/Illuminate/Routing/Router.php(657): Illuminate\\Routing\\Router->runRouteWithinStack(Object(Illuminate\\Routing\\Route), Object(Illuminate\\Http\\Request))
#28 /home/idevsoft/faizanbd.com/vendor/laravel/framework/src/Illuminate/Routing/Router.php(623): Illuminate\\Routing\\Router->runRoute(Object(Illuminate\\Http\\Request), Object(Illuminate\\Routing\\Route))
#29 /home/idevsoft/faizanbd.com/vendor/laravel/framework/src/Illuminate/Routing/Router.php(612): Illuminate\\Routing\\Router->dispatchToRoute(Object(Illuminate\\Http\\Request))
#30 /home/idevsoft/faizanbd.com/vendor/laravel/framework/src/Illuminate/Foundation/Http/Kernel.php(176): Illuminate\\Routing\\Router->dispatch(Object(Illuminate\\Http\\Request))
#31 /home/idevsoft/faizanbd.com/vendor/laravel/framework/src/Illuminate/Routing/Pipeline.php(30): Illuminate\\Foundation\\Http\\Kernel->Illuminate\\Foundation\\Http\\{closure}(Object(Illuminate\\Http\\Request))
#32 /home/idevsoft/faizanbd.com/vendor/fideloper/proxy/src/TrustProxies.php(57): Illuminate\\Routing\\Pipeline->Illuminate\\Routing\\{closure}(Object(Illuminate\\Http\\Request))
#33 /home/idevsoft/faizanbd.com/vendor/laravel/framework/src/Illuminate/Pipeline/Pipeline.php(163): Fideloper\\Proxy\\TrustProxies->handle(Object(Illuminate\\Http\\Request), Object(Closure))
#34 /home/idevsoft/faizanbd.com/vendor/laravel/framework/src/Illuminate/Routing/Pipeline.php(53): Illuminate\\Pipeline\\Pipeline->Illuminate\\Pipeline\\{closure}(Object(Illuminate\\Http\\Request))
#35 /home/idevsoft/faizanbd.com/vendor/laravel/framework/src/Illuminate/Foundation/Http/Middleware/TransformsRequest.php(21): Illuminate\\Routing\\Pipeline->Illuminate\\Routing\\{closure}(Object(Illuminate\\Http\\Request))
#36 /home/idevsoft/faizanbd.com/vendor/laravel/framework/src/Illuminate/Pipeline/Pipeline.php(163): Illuminate\\Foundation\\Http\\Middleware\\TransformsRequest->handle(Object(Illuminate\\Http\\Request), Object(Closure))
#37 /home/idevsoft/faizanbd.com/vendor/laravel/framework/src/Illuminate/Routing/Pipeline.php(53): Illuminate\\Pipeline\\Pipeline->Illuminate\\Pipeline\\{closure}(Object(Illuminate\\Http\\Request))
#38 /home/idevsoft/faizanbd.com/vendor/laravel/framework/src/Illuminate/Foundation/Http/Middleware/TransformsRequest.php(21): Illuminate\\Routing\\Pipeline->Illuminate\\Routing\\{closure}(Object(Illuminate\\Http\\Request))
#39 /home/idevsoft/faizanbd.com/vendor/laravel/framework/src/Illuminate/Pipeline/Pipeline.php(163): Illuminate\\Foundation\\Http\\Middleware\\TransformsRequest->handle(Object(Illuminate\\Http\\Request), Object(Closure))
#40 /home/idevsoft/faizanbd.com/vendor/laravel/framework/src/Illuminate/Routing/Pipeline.php(53): Illuminate\\Pipeline\\Pipeline->Illuminate\\Pipeline\\{closure}(Object(Illuminate\\Http\\Request))
#41 /home/idevsoft/faizanbd.com/vendor/laravel/framework/src/Illuminate/Foundation/Http/Middleware/ValidatePostSize.php(27): Illuminate\\Routing\\Pipeline->Illuminate\\Routing\\{closure}(Object(Illuminate\\Http\\Request))
#42 /home/idevsoft/faizanbd.com/vendor/laravel/framework/src/Illuminate/Pipeline/Pipeline.php(163): Illuminate\\Foundation\\Http\\Middleware\\ValidatePostSize->handle(Object(Illuminate\\Http\\Request), Object(Closure))
#43 /home/idevsoft/faizanbd.com/vendor/laravel/framework/src/Illuminate/Routing/Pipeline.php(53): Illuminate\\Pipeline\\Pipeline->Illuminate\\Pipeline\\{closure}(Object(Illuminate\\Http\\Request))
#44 /home/idevsoft/faizanbd.com/vendor/laravel/framework/src/Illuminate/Foundation/Http/Middleware/CheckForMaintenanceMode.php(62): Illuminate\\Routing\\Pipeline->Illuminate\\Routing\\{closure}(Object(Illuminate\\Http\\Request))
#45 /home/idevsoft/faizanbd.com/vendor/laravel/framework/src/Illuminate/Pipeline/Pipeline.php(163): Illuminate\\Foundation\\Http\\Middleware\\CheckForMaintenanceMode->handle(Object(Illuminate\\Http\\Request), Object(Closure))
#46 /home/idevsoft/faizanbd.com/vendor/laravel/framework/src/Illuminate/Routing/Pipeline.php(53): Illuminate\\Pipeline\\Pipeline->Illuminate\\Pipeline\\{closure}(Object(Illuminate\\Http\\Request))
#47 /home/idevsoft/faizanbd.com/vendor/laravel/framework/src/Illuminate/Pipeline/Pipeline.php(104): Illuminate\\Routing\\Pipeline->Illuminate\\Routing\\{closure}(Object(Illuminate\\Http\\Request))
#48 /home/idevsoft/faizanbd.com/vendor/laravel/framework/src/Illuminate/Foundation/Http/Kernel.php(151): Illuminate\\Pipeline\\Pipeline->then(Object(Closure))
#49 /home/idevsoft/faizanbd.com/vendor/laravel/framework/src/Illuminate/Foundation/Http/Kernel.php(116): Illuminate\\Foundation\\Http\\Kernel->sendRequestThroughRouter(Object(Illuminate\\Http\\Request))
#50 /home/idevsoft/faizanbd.com/index.php(55): Illuminate\\Foundation\\Http\\Kernel->handle(Object(Illuminate\\Http\\Request))
#51 {main}
"} 
[2022-09-23 00:31:54] local.ERROR: Allowed memory size of 268435456 bytes exhausted (tried to allocate 10095520 bytes) {"exception":"[object] (Symfony\\Component\\Debug\\Exception\\FatalErrorException(code: 1): Allowed memory size of 268435456 bytes exhausted (tried to allocate 10095520 bytes) at /home/idevsoft/faizanbd.com/vendor/laravel/framework/src/Illuminate/Database/Connection.php:332)
[stacktrace]
#0 {main}
"} 
[2022-09-23 00:32:22] local.ERROR: Trying to get property 'published' of non-object (View: /home/idevsoft/faizanbd.com/resources/views/frontend/flash_deal_details.blade.php) {"exception":"[object] (ErrorException(code: 0): Trying to get property 'published' of non-object (View: /home/idevsoft/faizanbd.com/resources/views/frontend/flash_deal_details.blade.php) at /home/idevsoft/faizanbd.com/storage/framework/views/2dc9ea906683663ad5f62321bb8c8e38d3a71b94.php:21, ErrorException(code: 0): Trying to get property 'published' of non-object at /home/idevsoft/faizanbd.com/storage/framework/views/2dc9ea906683663ad5f62321bb8c8e38d3a71b94.php:21)
[stacktrace]
#0 /home/idevsoft/faizanbd.com/vendor/laravel/framework/src/Illuminate/View/Engines/PhpEngine.php(45): Illuminate\\View\\Engines\\CompilerEngine->handleViewException(Object(ErrorException), 0)
#1 /home/idevsoft/faizanbd.com/vendor/laravel/framework/src/Illuminate/View/Engines/CompilerEngine.php(59): Illuminate\\View\\Engines\\PhpEngine->evaluatePath('/home/idevsoft/...', Array)
#2 /home/idevsoft/faizanbd.com/vendor/laravel/framework/src/Illuminate/View/View.php(142): Illuminate\\View\\Engines\\CompilerEngine->get('/home/idevsoft/...', Array)
#3 /home/idevsoft/faizanbd.com/vendor/laravel/framework/src/Illuminate/View/View.php(125): Illuminate\\View\\View->getContents()
#4 /home/idevsoft/faizanbd.com/vendor/laravel/framework/src/Illuminate/View/View.php(90): Illuminate\\View\\View->renderContents()
#5 /home/idevsoft/faizanbd.com/vendor/laravel/framework/src/Illuminate/Http/Response.php(42): Illuminate\\View\\View->render()
#6 /home/idevsoft/faizanbd.com/vendor/symfony/http-foundation/Response.php(205): Illuminate\\Http\\Response->setContent(Object(Illuminate\\View\\View))
#7 /home/idevsoft/faizanbd.com/vendor/laravel/framework/src/Illuminate/Routing/Router.php(748): Symfony\\Component\\HttpFoundation\\Response->__construct(Object(Illuminate\\View\\View))
#8 /home/idevsoft/faizanbd.com/vendor/laravel/framework/src/Illuminate/Routing/Router.php(720): Illuminate\\Routing\\Router::toResponse(Object(Illuminate\\Http\\Request), Object(Illuminate\\View\\View))
#9 /home/idevsoft/faizanbd.com/vendor/laravel/framework/src/Illuminate/Routing/Router.php(680): Illuminate\\Routing\\Router->prepareResponse(Object(Illuminate\\Http\\Request), Object(Illuminate\\View\\View))
#10 /home/idevsoft/faizanbd.com/vendor/laravel/framework/src/Illuminate/Routing/Pipeline.php(30): Illuminate\\Routing\\Router->Illuminate\\Routing\\{closure}(Object(Illuminate\\Http\\Request))
#11 /home/idevsoft/faizanbd.com/app/Http/Middleware/Language.php(34): Illuminate\\Routing\\Pipeline->Illuminate\\Routing\\{closure}(Object(Illuminate\\Http\\Request))
#12 /home/idevsoft/faizanbd.com/vendor/laravel/framework/src/Illuminate/Pipeline/Pipeline.php(163): App\\Http\\Middleware\\Language->handle(Object(Illuminate\\Http\\Request), Object(Closure))
#13 /home/idevsoft/faizanbd.com/vendor/laravel/framework/src/Illuminate/Routing/Pipeline.php(53): Illuminate\\Pipeline\\Pipeline->Illuminate\\Pipeline\\{closure}(Object(Illuminate\\Http\\Request))
#14 /home/idevsoft/faizanbd.com/vendor/laravel/framework/src/Illuminate/Routing/Middleware/SubstituteBindings.php(41): Illuminate\\Routing\\Pipeline->Illuminate\\Routing\\{closure}(Object(Illuminate\\Http\\Request))
#15 /home/idevsoft/faizanbd.com/vendor/laravel/framework/src/Illuminate/Pipeline/Pipeline.php(163): Illuminate\\Routing\\Middleware\\SubstituteBindings->handle(Object(Illuminate\\Http\\Request), Object(Closure))
#16 /home/idevsoft/faizanbd.com/vendor/laravel/framework/src/Illuminate/Routing/Pipeline.php(53): Illuminate\\Pipeline\\Pipeline->Illuminate\\Pipeline\\{closure}(Object(Illuminate\\Http\\Request))
#17 /home/idevsoft/faizanbd.com/vendor/laravel/framework/src/Illuminate/Foundation/Http/Middleware/VerifyCsrfToken.php(75): Illuminate\\Routing\\Pipeline->Illuminate\\Routing\\{closure}(Object(Illuminate\\Http\\Request))
#18 /home/idevsoft/faizanbd.com/vendor/laravel/framework/src/Illuminate/Pipeline/Pipeline.php(163): Illuminate\\Foundation\\Http\\Middleware\\VerifyCsrfToken->handle(Object(Illuminate\\Http\\Request), Object(Closure))
#19 /home/idevsoft/faizanbd.com/vendor/laravel/framework/src/Illuminate/Routing/Pipeline.php(53): Illuminate\\Pipeline\\Pipeline->Illuminate\\Pipeline\\{closure}(Object(Illuminate\\Http\\Request))
#20 /home/idevsoft/faizanbd.com/vendor/laravel/framework/src/Illuminate/View/Middleware/ShareErrorsFromSession.php(49): Illuminate\\Routing\\Pipeline->Illuminate\\Routing\\{closure}(Object(Illuminate\\Http\\Request))
#21 /home/idevsoft/faizanbd.com/vendor/laravel/framework/src/Illuminate/Pipeline/Pipeline.php(163): Illuminate\\View\\Middleware\\ShareErrorsFromSession->handle(Object(Illuminate\\Http\\Request), Object(Closure))
#22 /home/idevsoft/faizanbd.com/vendor/laravel/framework/src/Illuminate/Routing/Pipeline.php(53): Illuminate\\Pipeline\\Pipeline->Illuminate\\Pipeline\\{closure}(Object(Illuminate\\Http\\Request))
#23 /home/idevsoft/faizanbd.com/vendor/laravel/framework/src/Illuminate/Session/Middleware/StartSession.php(56): Illuminate\\Routing\\Pipeline->Illuminate\\Routing\\{closure}(Object(Illuminate\\Http\\Request))
#24 /home/idevsoft/faizanbd.com/vendor/laravel/framework/src/Illuminate/Pipeline/Pipeline.php(163): Illuminate\\Session\\Middleware\\StartSession->handle(Object(Illuminate\\Http\\Request), Object(Closure))
#25 /home/idevsoft/faizanbd.com/vendor/laravel/framework/src/Illuminate/Routing/Pipeline.php(53): Illuminate\\Pipeline\\Pipeline->Illuminate\\Pipeline\\{closure}(Object(Illuminate\\Http\\Request))
#26 /home/idevsoft/faizanbd.com/vendor/laravel/framework/src/Illuminate/Cookie/Middleware/AddQueuedCookiesToResponse.php(37): Illuminate\\Routing\\Pipeline->Illuminate\\Routing\\{closure}(Object(Illuminate\\Http\\Request))
#27 /home/idevsoft/faizanbd.com/vendor/laravel/framework/src/Illuminate/Pipeline/Pipeline.php(163): Illuminate\\Cookie\\Middleware\\AddQueuedCookiesToResponse->handle(Object(Illuminate\\Http\\Request), Object(Closure))
#28 /home/idevsoft/faizanbd.com/vendor/laravel/framework/src/Illuminate/Routing/Pipeline.php(53): Illuminate\\Pipeline\\Pipeline->Illuminate\\Pipeline\\{closure}(Object(Illuminate\\Http\\Request))
#29 /home/idevsoft/faizanbd.com/vendor/laravel/framework/src/Illuminate/Pipeline/Pipeline.php(104): Illuminate\\Routing\\Pipeline->Illuminate\\Routing\\{closure}(Object(Illuminate\\Http\\Request))
#30 /home/idevsoft/faizanbd.com/vendor/laravel/framework/src/Illuminate/Routing/Router.php(682): Illuminate\\Pipeline\\Pipeline->then(Object(Closure))
#31 /home/idevsoft/faizanbd.com/vendor/laravel/framework/src/Illuminate/Routing/Router.php(657): Illuminate\\Routing\\Router->runRouteWithinStack(Object(Illuminate\\Routing\\Route), Object(Illuminate\\Http\\Request))
#32 /home/idevsoft/faizanbd.com/vendor/laravel/framework/src/Illuminate/Routing/Router.php(623): Illuminate\\Routing\\Router->runRoute(Object(Illuminate\\Http\\Request), Object(Illuminate\\Routing\\Route))
#33 /home/idevsoft/faizanbd.com/vendor/laravel/framework/src/Illuminate/Routing/Router.php(612): Illuminate\\Routing\\Router->dispatchToRoute(Object(Illuminate\\Http\\Request))
#34 /home/idevsoft/faizanbd.com/vendor/laravel/framework/src/Illuminate/Foundation/Http/Kernel.php(176): Illuminate\\Routing\\Router->dispatch(Object(Illuminate\\Http\\Request))
#35 /home/idevsoft/faizanbd.com/vendor/laravel/framework/src/Illuminate/Routing/Pipeline.php(30): Illuminate\\Foundation\\Http\\Kernel->Illuminate\\Foundation\\Http\\{closure}(Object(Illuminate\\Http\\Request))
#36 /home/idevsoft/faizanbd.com/vendor/fideloper/proxy/src/TrustProxies.php(57): Illuminate\\Routing\\Pipeline->Illuminate\\Routing\\{closure}(Object(Illuminate\\Http\\Request))
#37 /home/idevsoft/faizanbd.com/vendor/laravel/framework/src/Illuminate/Pipeline/Pipeline.php(163): Fideloper\\Proxy\\TrustProxies->handle(Object(Illuminate\\Http\\Request), Object(Closure))
#38 /home/idevsoft/faizanbd.com/vendor/laravel/framework/src/Illuminate/Routing/Pipeline.php(53): Illuminate\\Pipeline\\Pipeline->Illuminate\\Pipeline\\{closure}(Object(Illuminate\\Http\\Request))
#39 /home/idevsoft/faizanbd.com/vendor/laravel/framework/src/Illuminate/Foundation/Http/Middleware/TransformsRequest.php(21): Illuminate\\Routing\\Pipeline->Illuminate\\Routing\\{closure}(Object(Illuminate\\Http\\Request))
#40 /home/idevsoft/faizanbd.com/vendor/laravel/framework/src/Illuminate/Pipeline/Pipeline.php(163): Illuminate\\Foundation\\Http\\Middleware\\TransformsRequest->handle(Object(Illuminate\\Http\\Request), Object(Closure))
#41 /home/idevsoft/faizanbd.com/vendor/laravel/framework/src/Illuminate/Routing/Pipeline.php(53): Illuminate\\Pipeline\\Pipeline->Illuminate\\Pipeline\\{closure}(Object(Illuminate\\Http\\Request))
#42 /home/idevsoft/faizanbd.com/vendor/laravel/framework/src/Illuminate/Foundation/Http/Middleware/TransformsRequest.php(21): Illuminate\\Routing\\Pipeline->Illuminate\\Routing\\{closure}(Object(Illuminate\\Http\\Request))
#43 /home/idevsoft/faizanbd.com/vendor/laravel/framework/src/Illuminate/Pipeline/Pipeline.php(163): Illuminate\\Foundation\\Http\\Middleware\\TransformsRequest->handle(Object(Illuminate\\Http\\Request), Object(Closure))
#44 /home/idevsoft/faizanbd.com/vendor/laravel/framework/src/Illuminate/Routing/Pipeline.php(53): Illuminate\\Pipeline\\Pipeline->Illuminate\\Pipeline\\{closure}(Object(Illuminate\\Http\\Request))
#45 /home/idevsoft/faizanbd.com/vendor/laravel/framework/src/Illuminate/Foundation/Http/Middleware/ValidatePostSize.php(27): Illuminate\\Routing\\Pipeline->Illuminate\\Routing\\{closure}(Object(Illuminate\\Http\\Request))
#46 /home/idevsoft/faizanbd.com/vendor/laravel/framework/src/Illuminate/Pipeline/Pipeline.php(163): Illuminate\\Foundation\\Http\\Middleware\\ValidatePostSize->handle(Object(Illuminate\\Http\\Request), Object(Closure))
#47 /home/idevsoft/faizanbd.com/vendor/laravel/framework/src/Illuminate/Routing/Pipeline.php(53): Illuminate\\Pipeline\\Pipeline->Illuminate\\Pipeline\\{closure}(Object(Illuminate\\Http\\Request))
#48 /home/idevsoft/faizanbd.com/vendor/laravel/framework/src/Illuminate/Foundation/Http/Middleware/CheckForMaintenanceMode.php(62): Illuminate\\Routing\\Pipeline->Illuminate\\Routing\\{closure}(Object(Illuminate\\Http\\Request))
#49 /home/idevsoft/faizanbd.com/vendor/laravel/framework/src/Illuminate/Pipeline/Pipeline.php(163): Illuminate\\Foundation\\Http\\Middleware\\CheckForMaintenanceMode->handle(Object(Illuminate\\Http\\Request), Object(Closure))
#50 /home/idevsoft/faizanbd.com/vendor/laravel/framework/src/Illuminate/Routing/Pipeline.php(53): Illuminate\\Pipeline\\Pipeline->Illuminate\\Pipeline\\{closure}(Object(Illuminate\\Http\\Request))
#51 /home/idevsoft/faizanbd.com/vendor/laravel/framework/src/Illuminate/Pipeline/Pipeline.php(104): Illuminate\\Routing\\Pipeline->Illuminate\\Routing\\{closure}(Object(Illuminate\\Http\\Request))
#52 /home/idevsoft/faizanbd.com/vendor/laravel/framework/src/Illuminate/Foundation/Http/Kernel.php(151): Illuminate\\Pipeline\\Pipeline->then(Object(Closure))
#53 /home/idevsoft/faizanbd.com/vendor/laravel/framework/src/Illuminate/Foundation/Http/Kernel.php(116): Illuminate\\Foundation\\Http\\Kernel->sendRequestThroughRouter(Object(Illuminate\\Http\\Request))
#54 /home/idevsoft/faizanbd.com/index.php(55): Illuminate\\Foundation\\Http\\Kernel->handle(Object(Illuminate\\Http\\Request))
#55 {main}
"} 
[2022-09-23 00:35:08] local.ERROR: Allowed memory size of 268435456 bytes exhausted (tried to allocate 10095520 bytes) {"exception":"[object] (Symfony\\Component\\Debug\\Exception\\FatalErrorException(code: 1): Allowed memory size of 268435456 bytes exhausted (tried to allocate 10095520 bytes) at /home/idevsoft/faizanbd.com/vendor/laravel/framework/src/Illuminate/Database/Connection.php:332)
[stacktrace]
#0 {main}
"} 
[2022-09-23 00:37:04] local.ERROR: Allowed memory size of 268435456 bytes exhausted (tried to allocate 7098360 bytes) {"exception":"[object] (Symfony\\Component\\Debug\\Exception\\FatalErrorException(code: 1): Allowed memory size of 268435456 bytes exhausted (tried to allocate 7098360 bytes) at /home/idevsoft/faizanbd.com/vendor/laravel/framework/src/Illuminate/Database/Connection.php:332)
[stacktrace]
#0 {main}
"} 
[2022-09-23 00:37:34] local.ERROR: Allowed memory size of 268435456 bytes exhausted (tried to allocate 7098360 bytes) {"exception":"[object] (Symfony\\Component\\Debug\\Exception\\FatalErrorException(code: 1): Allowed memory size of 268435456 bytes exhausted (tried to allocate 7098360 bytes) at /home/idevsoft/faizanbd.com/vendor/laravel/framework/src/Illuminate/Database/Connection.php:332)
[stacktrace]
#0 {main}
"} 
[2022-09-23 00:38:06] local.ERROR: Allowed memory size of 268435456 bytes exhausted (tried to allocate 7098360 bytes) {"exception":"[object] (Symfony\\Component\\Debug\\Exception\\FatalErrorException(code: 1): Allowed memory size of 268435456 bytes exhausted (tried to allocate 7098360 bytes) at /home/idevsoft/faizanbd.com/vendor/laravel/framework/src/Illuminate/Database/Connection.php:332)
[stacktrace]
#0 {main}
"} 
[2022-09-23 00:38:06] local.ERROR: Allowed memory size of 268435456 bytes exhausted (tried to allocate 6763472 bytes) {"exception":"[object] (Symfony\\Component\\Debug\\Exception\\FatalErrorException(code: 1): Allowed memory size of 268435456 bytes exhausted (tried to allocate 6763472 bytes) at /home/idevsoft/faizanbd.com/vendor/laravel/framework/src/Illuminate/Database/Connection.php:332)
[stacktrace]
#0 {main}
"} 
[2022-09-23 00:38:10] local.ERROR: Allowed memory size of 268435456 bytes exhausted (tried to allocate 6763472 bytes) {"exception":"[object] (Symfony\\Component\\Debug\\Exception\\FatalErrorException(code: 1): Allowed memory size of 268435456 bytes exhausted (tried to allocate 6763472 bytes) at /home/idevsoft/faizanbd.com/vendor/laravel/framework/src/Illuminate/Database/Connection.php:332)
[stacktrace]
#0 {main}
"} 
[2022-09-23 00:38:19] local.ERROR: Allowed memory size of 268435456 bytes exhausted (tried to allocate 7098360 bytes) {"exception":"[object] (Symfony\\Component\\Debug\\Exception\\FatalErrorException(code: 1): Allowed memory size of 268435456 bytes exhausted (tried to allocate 7098360 bytes) at /home/idevsoft/faizanbd.com/vendor/laravel/framework/src/Illuminate/Database/Connection.php:332)
[stacktrace]
#0 {main}
"} 
[2022-09-23 00:39:22] local.ERROR: Allowed memory size of 268435456 bytes exhausted (tried to allocate 6763472 bytes) {"exception":"[object] (Symfony\\Component\\Debug\\Exception\\FatalErrorException(code: 1): Allowed memory size of 268435456 bytes exhausted (tried to allocate 6763472 bytes) at /home/idevsoft/faizanbd.com/vendor/laravel/framework/src/Illuminate/Database/Connection.php:332)
[stacktrace]
#0 {main}
"} 
[2022-09-23 00:39:23] local.ERROR: Allowed memory size of 268435456 bytes exhausted (tried to allocate 7098352 bytes) {"exception":"[object] (Symfony\\Component\\Debug\\Exception\\FatalErrorException(code: 1): Allowed memory size of 268435456 bytes exhausted (tried to allocate 7098352 bytes) at /home/idevsoft/faizanbd.com/vendor/laravel/framework/src/Illuminate/Database/Connection.php:332)
[stacktrace]
#0 {main}
"} 
[2022-09-23 00:40:14] local.ERROR: Allowed memory size of 268435456 bytes exhausted (tried to allocate 7098352 bytes) {"exception":"[object] (Symfony\\Component\\Debug\\Exception\\FatalErrorException(code: 1): Allowed memory size of 268435456 bytes exhausted (tried to allocate 7098352 bytes) at /home/idevsoft/faizanbd.com/vendor/laravel/framework/src/Illuminate/Database/Connection.php:332)
[stacktrace]
#0 {main}
"} 
[2022-09-23 00:40:49] local.ERROR: Allowed memory size of 268435456 bytes exhausted (tried to allocate 6763472 bytes) {"exception":"[object] (Symfony\\Component\\Debug\\Exception\\FatalErrorException(code: 1): Allowed memory size of 268435456 bytes exhausted (tried to allocate 6763472 bytes) at /home/idevsoft/faizanbd.com/vendor/laravel/framework/src/Illuminate/Database/Connection.php:332)
[stacktrace]
#0 {main}
"} 
[2022-09-23 00:43:46] local.ERROR: Allowed memory size of 268435456 bytes exhausted (tried to allocate 6763472 bytes) {"exception":"[object] (Symfony\\Component\\Debug\\Exception\\FatalErrorException(code: 1): Allowed memory size of 268435456 bytes exhausted (tried to allocate 6763472 bytes) at /home/idevsoft/faizanbd.com/vendor/laravel/framework/src/Illuminate/Database/Connection.php:332)
[stacktrace]
#0 {main}
"} 
[2022-09-23 00:43:58] local.ERROR: Allowed memory size of 268435456 bytes exhausted (tried to allocate 6763472 bytes) {"exception":"[object] (Symfony\\Component\\Debug\\Exception\\FatalErrorException(code: 1): Allowed memory size of 268435456 bytes exhausted (tried to allocate 6763472 bytes) at /home/idevsoft/faizanbd.com/vendor/laravel/framework/src/Illuminate/Database/Connection.php:332)
[stacktrace]
#0 {main}
"} 
[2022-09-23 00:44:22] local.ERROR: Allowed memory size of 268435456 bytes exhausted (tried to allocate 7098360 bytes) {"exception":"[object] (Symfony\\Component\\Debug\\Exception\\FatalErrorException(code: 1): Allowed memory size of 268435456 bytes exhausted (tried to allocate 7098360 bytes) at /home/idevsoft/faizanbd.com/vendor/laravel/framework/src/Illuminate/Database/Connection.php:332)
[stacktrace]
#0 {main}
"} 
[2022-09-23 00:44:40] local.ERROR: Allowed memory size of 268435456 bytes exhausted (tried to allocate 6763472 bytes) {"exception":"[object] (Symfony\\Component\\Debug\\Exception\\FatalErrorException(code: 1): Allowed memory size of 268435456 bytes exhausted (tried to allocate 6763472 bytes) at /home/idevsoft/faizanbd.com/vendor/laravel/framework/src/Illuminate/Database/Connection.php:332)
[stacktrace]
#0 {main}
"} 
[2022-09-23 00:45:14] local.ERROR: Allowed memory size of 268435456 bytes exhausted (tried to allocate 7098352 bytes) {"exception":"[object] (Symfony\\Component\\Debug\\Exception\\FatalErrorException(code: 1): Allowed memory size of 268435456 bytes exhausted (tried to allocate 7098352 bytes) at /home/idevsoft/faizanbd.com/vendor/laravel/framework/src/Illuminate/Database/Connection.php:332)
[stacktrace]
#0 {main}
"} 
[2022-09-23 00:47:29] local.ERROR: Allowed memory size of 268435456 bytes exhausted (tried to allocate 6763472 bytes) {"exception":"[object] (Symfony\\Component\\Debug\\Exception\\FatalErrorException(code: 1): Allowed memory size of 268435456 bytes exhausted (tried to allocate 6763472 bytes) at /home/idevsoft/faizanbd.com/vendor/laravel/framework/src/Illuminate/Database/Connection.php:332)
[stacktrace]
#0 {main}
"} 
[2022-09-23 00:48:07] local.ERROR: Allowed memory size of 268435456 bytes exhausted (tried to allocate 6763472 bytes) {"exception":"[object] (Symfony\\Component\\Debug\\Exception\\FatalErrorException(code: 1): Allowed memory size of 268435456 bytes exhausted (tried to allocate 6763472 bytes) at /home/idevsoft/faizanbd.com/vendor/laravel/framework/src/Illuminate/Database/Connection.php:332)
[stacktrace]
#0 {main}
"} 
[2022-09-23 00:48:15] local.ERROR: Allowed memory size of 268435456 bytes exhausted (tried to allocate 6763472 bytes) {"exception":"[object] (Symfony\\Component\\Debug\\Exception\\FatalErrorException(code: 1): Allowed memory size of 268435456 bytes exhausted (tried to allocate 6763472 bytes) at /home/idevsoft/faizanbd.com/vendor/laravel/framework/src/Illuminate/Database/Connection.php:332)
[stacktrace]
#0 {main}
"} 
[2022-09-23 00:50:15] local.ERROR: Allowed memory size of 268435456 bytes exhausted (tried to allocate 7098368 bytes) {"exception":"[object] (Symfony\\Component\\Debug\\Exception\\FatalErrorException(code: 1): Allowed memory size of 268435456 bytes exhausted (tried to allocate 7098368 bytes) at /home/idevsoft/faizanbd.com/vendor/laravel/framework/src/Illuminate/Database/Connection.php:332)
[stacktrace]
#0 {main}
"} 
[2022-09-23 00:50:37] local.ERROR: Allowed memory size of 268435456 bytes exhausted (tried to allocate 6763472 bytes) {"exception":"[object] (Symfony\\Component\\Debug\\Exception\\FatalErrorException(code: 1): Allowed memory size of 268435456 bytes exhausted (tried to allocate 6763472 bytes) at /home/idevsoft/faizanbd.com/vendor/laravel/framework/src/Illuminate/Database/Connection.php:332)
[stacktrace]
#0 {main}
"} 
[2022-09-23 00:51:31] local.ERROR: Allowed memory size of 268435456 bytes exhausted (tried to allocate 7098368 bytes) {"exception":"[object] (Symfony\\Component\\Debug\\Exception\\FatalErrorException(code: 1): Allowed memory size of 268435456 bytes exhausted (tried to allocate 7098368 bytes) at /home/idevsoft/faizanbd.com/vendor/laravel/framework/src/Illuminate/Database/Connection.php:332)
[stacktrace]
#0 {main}
"} 
[2022-09-23 00:52:06] local.ERROR: Allowed memory size of 268435456 bytes exhausted (tried to allocate 7098368 bytes) {"exception":"[object] (Symfony\\Component\\Debug\\Exception\\FatalErrorException(code: 1): Allowed memory size of 268435456 bytes exhausted (tried to allocate 7098368 bytes) at /home/idevsoft/faizanbd.com/vendor/laravel/framework/src/Illuminate/Database/Connection.php:332)
[stacktrace]
#0 {main}
"} 
[2022-09-23 00:52:31] local.ERROR: Allowed memory size of 268435456 bytes exhausted (tried to allocate 7098368 bytes) {"exception":"[object] (Symfony\\Component\\Debug\\Exception\\FatalErrorException(code: 1): Allowed memory size of 268435456 bytes exhausted (tried to allocate 7098368 bytes) at /home/idevsoft/faizanbd.com/vendor/laravel/framework/src/Illuminate/Database/Connection.php:332)
[stacktrace]
#0 {main}
"} 
[2022-09-23 00:52:42] local.ERROR: Allowed memory size of 268435456 bytes exhausted (tried to allocate 6763472 bytes) {"exception":"[object] (Symfony\\Component\\Debug\\Exception\\FatalErrorException(code: 1): Allowed memory size of 268435456 bytes exhausted (tried to allocate 6763472 bytes) at /home/idevsoft/faizanbd.com/vendor/laravel/framework/src/Illuminate/Database/Connection.php:332)
[stacktrace]
#0 {main}
"} 
[2022-09-23 00:52:48] local.ERROR: Allowed memory size of 268435456 bytes exhausted (tried to allocate 7098352 bytes) {"exception":"[object] (Symfony\\Component\\Debug\\Exception\\FatalErrorException(code: 1): Allowed memory size of 268435456 bytes exhausted (tried to allocate 7098352 bytes) at /home/idevsoft/faizanbd.com/vendor/laravel/framework/src/Illuminate/Database/Connection.php:332)
[stacktrace]
#0 {main}
"} 
[2022-09-23 00:53:34] local.ERROR: Allowed memory size of 268435456 bytes exhausted (tried to allocate 7098352 bytes) {"exception":"[object] (Symfony\\Component\\Debug\\Exception\\FatalErrorException(code: 1): Allowed memory size of 268435456 bytes exhausted (tried to allocate 7098352 bytes) at /home/idevsoft/faizanbd.com/vendor/laravel/framework/src/Illuminate/Database/Connection.php:332)
[stacktrace]
#0 {main}
"} 
[2022-09-23 00:54:12] local.ERROR: Allowed memory size of 268435456 bytes exhausted (tried to allocate 6763472 bytes) {"exception":"[object] (Symfony\\Component\\Debug\\Exception\\FatalErrorException(code: 1): Allowed memory size of 268435456 bytes exhausted (tried to allocate 6763472 bytes) at /home/idevsoft/faizanbd.com/vendor/laravel/framework/src/Illuminate/Database/Connection.php:332)
[stacktrace]
#0 {main}
"} 
[2022-09-23 00:57:59] local.ERROR: Allowed memory size of 268435456 bytes exhausted (tried to allocate 7098352 bytes) {"exception":"[object] (Symfony\\Component\\Debug\\Exception\\FatalErrorException(code: 1): Allowed memory size of 268435456 bytes exhausted (tried to allocate 7098352 bytes) at /home/idevsoft/faizanbd.com/vendor/laravel/framework/src/Illuminate/Database/Connection.php:332)
[stacktrace]
#0 {main}
"} 
[2022-09-23 00:58:22] local.ERROR: Allowed memory size of 268435456 bytes exhausted (tried to allocate 6763472 bytes) {"exception":"[object] (Symfony\\Component\\Debug\\Exception\\FatalErrorException(code: 1): Allowed memory size of 268435456 bytes exhausted (tried to allocate 6763472 bytes) at /home/idevsoft/faizanbd.com/vendor/laravel/framework/src/Illuminate/Database/Connection.php:332)
[stacktrace]
#0 {main}
"} 
[2022-09-23 00:59:49] local.ERROR: Allowed memory size of 268435456 bytes exhausted (tried to allocate 6763472 bytes) {"exception":"[object] (Symfony\\Component\\Debug\\Exception\\FatalErrorException(code: 1): Allowed memory size of 268435456 bytes exhausted (tried to allocate 6763472 bytes) at /home/idevsoft/faizanbd.com/vendor/laravel/framework/src/Illuminate/Database/Connection.php:332)
[stacktrace]
#0 {main}
"} 
[2022-09-23 01:00:51] local.ERROR: Allowed memory size of 268435456 bytes exhausted (tried to allocate 7098368 bytes) {"exception":"[object] (Symfony\\Component\\Debug\\Exception\\FatalErrorException(code: 1): Allowed memory size of 268435456 bytes exhausted (tried to allocate 7098368 bytes) at /home/idevsoft/faizanbd.com/vendor/laravel/framework/src/Illuminate/Database/Connection.php:332)
[stacktrace]
#0 {main}
"} 
[2022-09-23 01:01:06] local.ERROR: Allowed memory size of 268435456 bytes exhausted (tried to allocate 7098368 bytes) {"exception":"[object] (Symfony\\Component\\Debug\\Exception\\FatalErrorException(code: 1): Allowed memory size of 268435456 bytes exhausted (tried to allocate 7098368 bytes) at /home/idevsoft/faizanbd.com/vendor/laravel/framework/src/Illuminate/Database/Connection.php:332)
[stacktrace]
#0 {main}
"} 
[2022-09-23 01:01:49] local.ERROR: Allowed memory size of 268435456 bytes exhausted (tried to allocate 7098368 bytes) {"exception":"[object] (Symfony\\Component\\Debug\\Exception\\FatalErrorException(code: 1): Allowed memory size of 268435456 bytes exhausted (tried to allocate 7098368 bytes) at /home/idevsoft/faizanbd.com/vendor/laravel/framework/src/Illuminate/Database/Connection.php:332)
[stacktrace]
#0 {main}
"} 
[2022-09-23 01:02:41] local.ERROR: Allowed memory size of 268435456 bytes exhausted (tried to allocate 6763472 bytes) {"exception":"[object] (Symfony\\Component\\Debug\\Exception\\FatalErrorException(code: 1): Allowed memory size of 268435456 bytes exhausted (tried to allocate 6763472 bytes) at /home/idevsoft/faizanbd.com/vendor/laravel/framework/src/Illuminate/Database/Connection.php:332)
[stacktrace]
#0 {main}
"} 
[2022-09-23 01:03:21] local.ERROR: Allowed memory size of 268435456 bytes exhausted (tried to allocate 6763472 bytes) {"exception":"[object] (Symfony\\Component\\Debug\\Exception\\FatalErrorException(code: 1): Allowed memory size of 268435456 bytes exhausted (tried to allocate 6763472 bytes) at /home/idevsoft/faizanbd.com/vendor/laravel/framework/src/Illuminate/Database/Connection.php:332)
[stacktrace]
#0 {main}
"} 
[2022-09-23 01:03:36] local.ERROR: Allowed memory size of 268435456 bytes exhausted (tried to allocate 7098352 bytes) {"exception":"[object] (Symfony\\Component\\Debug\\Exception\\FatalErrorException(code: 1): Allowed memory size of 268435456 bytes exhausted (tried to allocate 7098352 bytes) at /home/idevsoft/faizanbd.com/vendor/laravel/framework/src/Illuminate/Database/Connection.php:332)
[stacktrace]
#0 {main}
"} 
[2022-09-23 01:06:47] local.ERROR: Allowed memory size of 268435456 bytes exhausted (tried to allocate 6763472 bytes) {"exception":"[object] (Symfony\\Component\\Debug\\Exception\\FatalErrorException(code: 1): Allowed memory size of 268435456 bytes exhausted (tried to allocate 6763472 bytes) at /home/idevsoft/faizanbd.com/vendor/laravel/framework/src/Illuminate/Database/Connection.php:332)
[stacktrace]
#0 {main}
"} 
[2022-09-23 01:06:50] local.ERROR: Allowed memory size of 268435456 bytes exhausted (tried to allocate 6763472 bytes) {"exception":"[object] (Symfony\\Component\\Debug\\Exception\\FatalErrorException(code: 1): Allowed memory size of 268435456 bytes exhausted (tried to allocate 6763472 bytes) at /home/idevsoft/faizanbd.com/vendor/laravel/framework/src/Illuminate/Database/Connection.php:332)
[stacktrace]
#0 {main}
"} 
[2022-09-23 01:07:34] local.ERROR: Allowed memory size of 268435456 bytes exhausted (tried to allocate 7098352 bytes) {"exception":"[object] (Symfony\\Component\\Debug\\Exception\\FatalErrorException(code: 1): Allowed memory size of 268435456 bytes exhausted (tried to allocate 7098352 bytes) at /home/idevsoft/faizanbd.com/vendor/laravel/framework/src/Illuminate/Database/Connection.php:332)
[stacktrace]
#0 {main}
"} 
[2022-09-23 01:08:18] local.ERROR: Allowed memory size of 268435456 bytes exhausted (tried to allocate 6763472 bytes) {"exception":"[object] (Symfony\\Component\\Debug\\Exception\\FatalErrorException(code: 1): Allowed memory size of 268435456 bytes exhausted (tried to allocate 6763472 bytes) at /home/idevsoft/faizanbd.com/vendor/laravel/framework/src/Illuminate/Database/Connection.php:332)
[stacktrace]
#0 {main}
"} 
[2022-09-23 01:08:19] local.ERROR: Allowed memory size of 268435456 bytes exhausted (tried to allocate 7098360 bytes) {"exception":"[object] (Symfony\\Component\\Debug\\Exception\\FatalErrorException(code: 1): Allowed memory size of 268435456 bytes exhausted (tried to allocate 7098360 bytes) at /home/idevsoft/faizanbd.com/vendor/laravel/framework/src/Illuminate/Database/Connection.php:332)
[stacktrace]
#0 {main}
"} 
[2022-09-23 01:08:19] local.ERROR: Allowed memory size of 268435456 bytes exhausted (tried to allocate 7098352 bytes) {"exception":"[object] (Symfony\\Component\\Debug\\Exception\\FatalErrorException(code: 1): Allowed memory size of 268435456 bytes exhausted (tried to allocate 7098352 bytes) at /home/idevsoft/faizanbd.com/vendor/laravel/framework/src/Illuminate/Database/Connection.php:332)
[stacktrace]
#0 {main}
"} 
[2022-09-23 01:08:51] local.ERROR: Allowed memory size of 268435456 bytes exhausted (tried to allocate 7098360 bytes) {"exception":"[object] (Symfony\\Component\\Debug\\Exception\\FatalErrorException(code: 1): Allowed memory size of 268435456 bytes exhausted (tried to allocate 7098360 bytes) at /home/idevsoft/faizanbd.com/vendor/laravel/framework/src/Illuminate/Database/Connection.php:332)
[stacktrace]
#0 {main}
"} 
[2022-09-23 01:09:26] local.ERROR: Allowed memory size of 268435456 bytes exhausted (tried to allocate 7098360 bytes) {"exception":"[object] (Symfony\\Component\\Debug\\Exception\\FatalErrorException(code: 1): Allowed memory size of 268435456 bytes exhausted (tried to allocate 7098360 bytes) at /home/idevsoft/faizanbd.com/vendor/laravel/framework/src/Illuminate/Database/Connection.php:332)
[stacktrace]
#0 {main}
"} 
[2022-09-23 01:09:26] local.ERROR: Allowed memory size of 268435456 bytes exhausted (tried to allocate 7098352 bytes) {"exception":"[object] (Symfony\\Component\\Debug\\Exception\\FatalErrorException(code: 1): Allowed memory size of 268435456 bytes exhausted (tried to allocate 7098352 bytes) at /home/idevsoft/faizanbd.com/vendor/laravel/framework/src/Illuminate/Database/Connection.php:332)
[stacktrace]
#0 {main}
"} 
[2022-09-23 01:09:56] local.ERROR: Allowed memory size of 268435456 bytes exhausted (tried to allocate 6763472 bytes) {"exception":"[object] (Symfony\\Component\\Debug\\Exception\\FatalErrorException(code: 1): Allowed memory size of 268435456 bytes exhausted (tried to allocate 6763472 bytes) at /home/idevsoft/faizanbd.com/vendor/laravel/framework/src/Illuminate/Database/Connection.php:332)
[stacktrace]
#0 {main}
"} 
[2022-09-23 01:10:06] local.ERROR: Allowed memory size of 268435456 bytes exhausted (tried to allocate 7098360 bytes) {"exception":"[object] (Symfony\\Component\\Debug\\Exception\\FatalErrorException(code: 1): Allowed memory size of 268435456 bytes exhausted (tried to allocate 7098360 bytes) at /home/idevsoft/faizanbd.com/vendor/laravel/framework/src/Illuminate/Database/Connection.php:332)
[stacktrace]
#0 {main}
"} 
[2022-09-23 01:10:12] local.ERROR: Allowed memory size of 268435456 bytes exhausted (tried to allocate 6763472 bytes) {"exception":"[object] (Symfony\\Component\\Debug\\Exception\\FatalErrorException(code: 1): Allowed memory size of 268435456 bytes exhausted (tried to allocate 6763472 bytes) at /home/idevsoft/faizanbd.com/vendor/laravel/framework/src/Illuminate/Database/Connection.php:332)
[stacktrace]
#0 {main}
"} 
[2022-09-23 03:24:00] local.ERROR: Allowed memory size of 268435456 bytes exhausted (tried to allocate 9052624 bytes) {"exception":"[object] (Symfony\\Component\\Debug\\Exception\\FatalErrorException(code: 1): Allowed memory size of 268435456 bytes exhausted (tried to allocate 9052624 bytes) at /home/idevsoft/faizanbd.com/vendor/laravel/framework/src/Illuminate/Database/Connection.php:332)
[stacktrace]
#0 {main}
"} 
[2022-09-23 04:41:03] local.ERROR: Allowed memory size of 268435456 bytes exhausted (tried to allocate 7098352 bytes) {"exception":"[object] (Symfony\\Component\\Debug\\Exception\\FatalErrorException(code: 1): Allowed memory size of 268435456 bytes exhausted (tried to allocate 7098352 bytes) at /home/idevsoft/faizanbd.com/vendor/laravel/framework/src/Illuminate/Database/Connection.php:332)
[stacktrace]
#0 {main}
"} 
[2022-09-23 04:41:09] local.ERROR: Allowed memory size of 268435456 bytes exhausted (tried to allocate 7098352 bytes) {"exception":"[object] (Symfony\\Component\\Debug\\Exception\\FatalErrorException(code: 1): Allowed memory size of 268435456 bytes exhausted (tried to allocate 7098352 bytes) at /home/idevsoft/faizanbd.com/vendor/laravel/framework/src/Illuminate/Database/Connection.php:332)
[stacktrace]
#0 {main}
"} 
[2022-09-23 05:29:36] local.ERROR: Allowed memory size of 268435456 bytes exhausted (tried to allocate 7098360 bytes) {"exception":"[object] (Symfony\\Component\\Debug\\Exception\\FatalErrorException(code: 1): Allowed memory size of 268435456 bytes exhausted (tried to allocate 7098360 bytes) at /home/idevsoft/faizanbd.com/vendor/laravel/framework/src/Illuminate/Database/Connection.php:332)
[stacktrace]
#0 {main}
"} 
[2022-09-23 06:22:59] local.ERROR: Allowed memory size of 268435456 bytes exhausted (tried to allocate 6763472 bytes) {"exception":"[object] (Symfony\\Component\\Debug\\Exception\\FatalErrorException(code: 1): Allowed memory size of 268435456 bytes exhausted (tried to allocate 6763472 bytes) at /home/idevsoft/faizanbd.com/vendor/laravel/framework/src/Illuminate/Database/Connection.php:332)
[stacktrace]
#0 {main}
"} 
[2022-09-23 07:18:25] local.ERROR: Allowed memory size of 268435456 bytes exhausted (tried to allocate 7098360 bytes) {"exception":"[object] (Symfony\\Component\\Debug\\Exception\\FatalErrorException(code: 1): Allowed memory size of 268435456 bytes exhausted (tried to allocate 7098360 bytes) at /home/idevsoft/faizanbd.com/vendor/laravel/framework/src/Illuminate/Database/Connection.php:332)
[stacktrace]
#0 {main}
"} 
[2022-09-23 08:10:32] local.ERROR: Allowed memory size of 268435456 bytes exhausted (tried to allocate 6763472 bytes) {"exception":"[object] (Symfony\\Component\\Debug\\Exception\\FatalErrorException(code: 1): Allowed memory size of 268435456 bytes exhausted (tried to allocate 6763472 bytes) at /home/idevsoft/faizanbd.com/vendor/laravel/framework/src/Illuminate/Database/Connection.php:332)
[stacktrace]
#0 {main}
"} 
[2022-09-23 08:49:38] local.ERROR: Allowed memory size of 268435456 bytes exhausted (tried to allocate 7098352 bytes) {"exception":"[object] (Symfony\\Component\\Debug\\Exception\\FatalErrorException(code: 1): Allowed memory size of 268435456 bytes exhausted (tried to allocate 7098352 bytes) at /home/idevsoft/faizanbd.com/vendor/laravel/framework/src/Illuminate/Database/Connection.php:332)
[stacktrace]
#0 {main}
"} 
[2022-09-23 09:49:04] local.ERROR: Allowed memory size of 268435456 bytes exhausted (tried to allocate 6763472 bytes) {"exception":"[object] (Symfony\\Component\\Debug\\Exception\\FatalErrorException(code: 1): Allowed memory size of 268435456 bytes exhausted (tried to allocate 6763472 bytes) at /home/idevsoft/faizanbd.com/vendor/laravel/framework/src/Illuminate/Database/Connection.php:332)
[stacktrace]
#0 {main}
"} 
[2022-09-23 10:50:44] local.ERROR: Allowed memory size of 268435456 bytes exhausted (tried to allocate 7098368 bytes) {"exception":"[object] (Symfony\\Component\\Debug\\Exception\\FatalErrorException(code: 1): Allowed memory size of 268435456 bytes exhausted (tried to allocate 7098368 bytes) at /home/idevsoft/faizanbd.com/vendor/laravel/framework/src/Illuminate/Database/Connection.php:332)
[stacktrace]
#0 {main}
"} 
[2022-09-23 11:06:45] local.ERROR: Allowed memory size of 268435456 bytes exhausted (tried to allocate 7098352 bytes) {"exception":"[object] (Symfony\\Component\\Debug\\Exception\\FatalErrorException(code: 1): Allowed memory size of 268435456 bytes exhausted (tried to allocate 7098352 bytes) at /home/idevsoft/faizanbd.com/vendor/laravel/framework/src/Illuminate/Database/Connection.php:332)
[stacktrace]
#0 {main}
"} 
[2022-09-23 17:26:14] local.ERROR: Allowed memory size of 268435456 bytes exhausted (tried to allocate 7098352 bytes) {"exception":"[object] (Symfony\\Component\\Debug\\Exception\\FatalErrorException(code: 1): Allowed memory size of 268435456 bytes exhausted (tried to allocate 7098352 bytes) at /home/idevsoft/faizanbd.com/vendor/laravel/framework/src/Illuminate/Database/Connection.php:332)
[stacktrace]
#0 {main}
"} 
[2022-09-23 17:27:24] local.ERROR: Allowed memory size of 268435456 bytes exhausted (tried to allocate 7098368 bytes) {"exception":"[object] (Symfony\\Component\\Debug\\Exception\\FatalErrorException(code: 1): Allowed memory size of 268435456 bytes exhausted (tried to allocate 7098368 bytes) at /home/idevsoft/faizanbd.com/vendor/laravel/framework/src/Illuminate/Database/Connection.php:332)
[stacktrace]
#0 {main}
"} 
[2022-09-23 17:34:33] local.ERROR: Allowed memory size of 268435456 bytes exhausted (tried to allocate 7098352 bytes) {"exception":"[object] (Symfony\\Component\\Debug\\Exception\\FatalErrorException(code: 1): Allowed memory size of 268435456 bytes exhausted (tried to allocate 7098352 bytes) at /home/idevsoft/faizanbd.com/vendor/laravel/framework/src/Illuminate/Database/Connection.php:332)
[stacktrace]
#0 {main}
"} 
[2022-09-23 17:36:29] local.ERROR: Allowed memory size of 268435456 bytes exhausted (tried to allocate 7098368 bytes) {"exception":"[object] (Symfony\\Component\\Debug\\Exception\\FatalErrorException(code: 1): Allowed memory size of 268435456 bytes exhausted (tried to allocate 7098368 bytes) at /home/idevsoft/faizanbd.com/vendor/laravel/framework/src/Illuminate/Database/Connection.php:332)
[stacktrace]
#0 {main}
"} 
[2022-09-23 19:18:33] local.ERROR: Allowed memory size of 268435456 bytes exhausted (tried to allocate 7098360 bytes) {"exception":"[object] (Symfony\\Component\\Debug\\Exception\\FatalErrorException(code: 1): Allowed memory size of 268435456 bytes exhausted (tried to allocate 7098360 bytes) at /home/idevsoft/faizanbd.com/vendor/laravel/framework/src/Illuminate/Database/Connection.php:332)
[stacktrace]
#0 {main}
"} 
[2022-09-23 19:29:13] local.ERROR: Allowed memory size of 268435456 bytes exhausted (tried to allocate 7098352 bytes) {"exception":"[object] (Symfony\\Component\\Debug\\Exception\\FatalErrorException(code: 1): Allowed memory size of 268435456 bytes exhausted (tried to allocate 7098352 bytes) at /home/idevsoft/faizanbd.com/vendor/laravel/framework/src/Illuminate/Database/Connection.php:332)
[stacktrace]
#0 {main}
"} 
[2022-09-23 19:34:52] local.ERROR: Allowed memory size of 268435456 bytes exhausted (tried to allocate 7098368 bytes) {"exception":"[object] (Symfony\\Component\\Debug\\Exception\\FatalErrorException(code: 1): Allowed memory size of 268435456 bytes exhausted (tried to allocate 7098368 bytes) at /home/idevsoft/faizanbd.com/vendor/laravel/framework/src/Illuminate/Database/Connection.php:332)
[stacktrace]
#0 {main}
"} 
[2022-09-23 19:40:32] local.ERROR: Allowed memory size of 268435456 bytes exhausted (tried to allocate 7098352 bytes) {"exception":"[object] (Symfony\\Component\\Debug\\Exception\\FatalErrorException(code: 1): Allowed memory size of 268435456 bytes exhausted (tried to allocate 7098352 bytes) at /home/idevsoft/faizanbd.com/vendor/laravel/framework/src/Illuminate/Database/Connection.php:332)
[stacktrace]
#0 {main}
"} 
[2022-09-23 19:40:56] local.ERROR: Allowed memory size of 268435456 bytes exhausted (tried to allocate 7098368 bytes) {"exception":"[object] (Symfony\\Component\\Debug\\Exception\\FatalErrorException(code: 1): Allowed memory size of 268435456 bytes exhausted (tried to allocate 7098368 bytes) at /home/idevsoft/faizanbd.com/vendor/laravel/framework/src/Illuminate/Database/Connection.php:332)
[stacktrace]
#0 {main}
"} 
[2022-09-23 19:42:06] local.ERROR: Allowed memory size of 268435456 bytes exhausted (tried to allocate 7098352 bytes) {"exception":"[object] (Symfony\\Component\\Debug\\Exception\\FatalErrorException(code: 1): Allowed memory size of 268435456 bytes exhausted (tried to allocate 7098352 bytes) at /home/idevsoft/faizanbd.com/vendor/laravel/framework/src/Illuminate/Database/Connection.php:332)
[stacktrace]
#0 {main}
"} 
[2022-09-23 19:43:22] local.ERROR: Allowed memory size of 268435456 bytes exhausted (tried to allocate 7098368 bytes) {"exception":"[object] (Symfony\\Component\\Debug\\Exception\\FatalErrorException(code: 1): Allowed memory size of 268435456 bytes exhausted (tried to allocate 7098368 bytes) at /home/idevsoft/faizanbd.com/vendor/laravel/framework/src/Illuminate/Database/Connection.php:332)
[stacktrace]
#0 {main}
"} 
